#
# There is insufficient memory for the Java Runtime Environment to continue.
# Native memory allocation (mmap) failed to map 65536 bytes for Failed to commit metaspace.
# Possible reasons:
#   The system is out of physical RAM or swap space
#   The process is running with CompressedOops enabled, and the Java Heap may be blocking the growth of the native heap
# Possible solutions:
#   Reduce memory load on the system
#   Increase physical memory or swap space
#   Check if swap backing store is full
#   Decrease Java heap size (-Xmx/-Xms)
#   Decrease number of Java threads
#   Decrease Java thread stack sizes (-Xss)
#   Set larger code cache with -XX:ReservedCodeCacheSize=
#   JVM is running with Zero Based Compressed Oops mode in which the Java heap is
#     placed in the first 32GB address space. The Java Heap base address is the
#     maximum limit for the native heap growth. Please use -XX:HeapBaseMinAddress
#     to set the Java Heap base and to place the Java Heap above 32GB virtual address.
# This output file may be truncated or incomplete.
#
#  Out of Memory Error (virtualSpaceNode.cpp:110), pid=22816, tid=13940
#
# JRE version: OpenJDK Runtime Environment (19.0.2+7) (build 19.0.2+7-44)
# Java VM: OpenJDK 64-Bit Server VM (19.0.2+7-44, mixed mode, emulated-client, sharing, tiered, compressed oops, compressed class ptrs, g1 gc, windows-amd64)
# No core dump will be written. Minidumps are not enabled by default on client versions of Windows
#

---------------  S U M M A R Y ------------

Command Line: -XX:TieredStopAtLevel=1 -Dspring.output.ansi.enabled=always -Dcom.sun.management.jmxremote -Dspring.jmx.enabled=true -Dspring.liveBeansView.mbeanDomain -Dspring.application.admin.enabled=true -Dmanagement.endpoints.jmx.exposure.include=* -javaagent:D:\IntelliJ IDEA 2024.1\lib\idea_rt.jar=51528:D:\IntelliJ IDEA 2024.1\bin -Dfile.encoding=UTF-8 -Dsun.stdout.encoding=UTF-8 -Dsun.stderr.encoding=UTF-8 com.ufuture.library.LibraryApplication

Host: AMD Ryzen 7 4800H with Radeon Graphics         , 16 cores, 15G,  Windows 10 , 64 bit Build 19041 (10.0.19041.4842)
Time: Wed Sep 25 01:20:30 2024  Windows 10 , 64 bit Build 19041 (10.0.19041.4842) elapsed time: 0.941733 seconds (0d 0h 0m 0s)

---------------  T H R E A D  ---------------

Current thread (0x000001c0502b0f80):  JavaThread "background-preinit" [_thread_in_vm, id=13940, stack(0x0000003b05800000,0x0000003b05900000)]

Stack: [0x0000003b05800000,0x0000003b05900000]
Native frames: (J=compiled Java code, j=interpreted, Vv=VM code, C=native code)
V  [jvm.dll+0x6ee21a]
V  [jvm.dll+0x85765e]
V  [jvm.dll+0x85904e]
V  [jvm.dll+0x859703]
V  [jvm.dll+0x28298f]
V  [jvm.dll+0x8532db]
V  [jvm.dll+0x692cb6]
V  [jvm.dll+0x1f2937]
V  [jvm.dll+0x6956f2]
V  [jvm.dll+0x6954de]
V  [jvm.dll+0x6936de]
V  [jvm.dll+0x26e12f]
V  [jvm.dll+0x69dcc5]
V  [jvm.dll+0x21e072]
V  [jvm.dll+0x21e5a5]
V  [jvm.dll+0x21ef01]
V  [jvm.dll+0x2146a1]
V  [jvm.dll+0x5a9cb6]
V  [jvm.dll+0x7cd423]
V  [jvm.dll+0x7cd504]
V  [jvm.dll+0x46ac34]
V  [jvm.dll+0x47021f]
C  [java.dll+0x17ec]

Java frames: (J=compiled Java code, j=interpreted, Vv=VM code)
J 1332  java.lang.ClassLoader.defineClass1(Ljava/lang/ClassLoader;Ljava/lang/String;[BIILjava/security/ProtectionDomain;Ljava/lang/String;)Ljava/lang/Class; java.base@19.0.2 (0 bytes) @ 0x000001c03b87a303 [0x000001c03b87a240+0x00000000000000c3]
J 1360 c1 java.lang.ClassLoader.defineClass(Ljava/lang/String;[BIILjava/security/ProtectionDomain;)Ljava/lang/Class; java.base@19.0.2 (43 bytes) @ 0x000001c03b8887ec [0x000001c03b8886e0+0x000000000000010c]
J 1345 c1 jdk.internal.loader.BuiltinClassLoader.defineClass(Ljava/lang/String;Ljdk/internal/loader/Resource;)Ljava/lang/Class; java.base@19.0.2 (121 bytes) @ 0x000001c03b883c74 [0x000001c03b8837a0+0x00000000000004d4]
J 1342 c1 jdk.internal.loader.BuiltinClassLoader.findClassOnClassPathOrNull(Ljava/lang/String;)Ljava/lang/Class; java.base@19.0.2 (64 bytes) @ 0x000001c03b880fe4 [0x000001c03b880d40+0x00000000000002a4]
J 1087 c1 jdk.internal.loader.BuiltinClassLoader.loadClassOrNull(Ljava/lang/String;Z)Ljava/lang/Class; java.base@19.0.2 (143 bytes) @ 0x000001c03b8128b4 [0x000001c03b8124e0+0x00000000000003d4]
J 1240 c1 jdk.internal.loader.ClassLoaders$AppClassLoader.loadClass(Ljava/lang/String;Z)Ljava/lang/Class; java.base@19.0.2 (40 bytes) @ 0x000001c03b85107c [0x000001c03b851040+0x000000000000003c]
J 1239 c1 java.lang.ClassLoader.loadClass(Ljava/lang/String;)Ljava/lang/Class; java.base@19.0.2 (7 bytes) @ 0x000001c03b850984 [0x000001c03b850940+0x0000000000000044]
v  ~StubRoutines::call_stub 0x000001c03b3d100e
j  org.springframework.http.converter.json.Jackson2ObjectMapperBuilder.build()Lcom/fasterxml/jackson/databind/ObjectMapper;+77
j  org.springframework.http.converter.json.MappingJackson2HttpMessageConverter.<init>()V+4
j  org.springframework.http.converter.support.AllEncompassingFormHttpMessageConverter.<init>()V+55
j  org.springframework.boot.autoconfigure.BackgroundPreinitializer$MessageConverterInitializer.run()V+4
j  org.springframework.boot.autoconfigure.BackgroundPreinitializer$1.runSafely(Ljava/lang/Runnable;)Z+1
j  org.springframework.boot.autoconfigure.BackgroundPreinitializer$1.run()V+32
j  java.lang.Thread.run()V+13 java.base@19.0.2
v  ~StubRoutines::call_stub 0x000001c03b3d100e

Compiled method (n/a)     951 1332     n 0       java.lang.ClassLoader::defineClass1 (native)
 total in heap  [0x000001c03b87a090,0x000001c03b87a6e8] = 1624
 relocation     [0x000001c03b87a1f0,0x000001c03b87a228] = 56
 main code      [0x000001c03b87a240,0x000001c03b87a6e2] = 1186
 stub code      [0x000001c03b87a6e2,0x000001c03b87a6e8] = 6

[Constant Pool (empty)]

[MachCode]
[Entry Point]
  # {method} {0x0000000800434860} 'defineClass1' '(Ljava/lang/ClassLoader;Ljava/lang/String;[BIILjava/security/ProtectionDomain;Ljava/lang/String;)Ljava/lang/Class;' in 'java/lang/ClassLoader'
  # parm0:    rdx:rdx   = 'java/lang/ClassLoader'
  # parm1:    r8:r8     = 'java/lang/String'
  # parm2:    r9:r9     = '[B'
  # parm3:    rdi       = int
  # parm4:    rsi       = int
  # parm5:    rcx:rcx   = 'java/security/ProtectionDomain'
  # parm6:    [sp+0xa0]   = 'java/lang/String'  (sp of caller)
  0x000001c03b87a240: 448b 5208 | 49bb 0000 | 0000 0800 | 0000 4d03 | d349 3bc2 | 0f84 0600 

  0x000001c03b87a258: ;   {runtime_call ic_miss_stub}
  0x000001c03b87a258: 0000 e921 | 75bb ff90 
[Verified Entry Point]
  0x000001c03b87a260: 8984 2400 | 90ff ff55 | 488b ec48 | 81ec 9000 | 0000 4881 | 7d10 0000 | 0000 488d | 4510 480f 
  0x000001c03b87a280: 4445 1048 | 8944 2440 | 4889 4c24 | 7048 83f9 | 0048 8d44 | 2470 480f | 4444 2470 | 4889 4424 
  0x000001c03b87a2a0: 3848 8974 | 2430 4889 | 7c24 284c | 894c 2458 | 4983 f900 | 488d 4424 | 5848 0f44 | 4424 5848 
  0x000001c03b87a2c0: 8944 2420 | 4c89 4424 | 5049 83f8 | 004c 8d4c | 2450 4c0f | 444c 2450 | 4889 5424 | 4848 83fa 
  0x000001c03b87a2e0: 004c 8d44 | 2448 4c0f | 4444 2448 

  0x000001c03b87a2ec: ;   {oop(a 'java/lang/Class'{0x000000070a2d7620} = 'java/lang/ClassLoader')}
  0x000001c03b87a2ec: 49be 2076 | 2d0a 0700 | 0000 4c89 | 7424 784c | 8d74 2478 | 498b d6c5 

  0x000001c03b87a304: ;   {internal_word}
  0x000001c03b87a304: f877 49ba | 03a3 873b | c001 0000 | 4d89 97c8 | 0200 0049 | 89a7 c002 

  0x000001c03b87a31c: ;   {external_word}
  0x000001c03b87a31c: 0000 49ba | c984 30c4 | fc7f 0000 | 4180 3a00 | 0f84 5000 | 0000 5241 

  0x000001c03b87a334: ;   {metadata({method} {0x0000000800434860} 'defineClass1' '(Ljava/lang/ClassLoader;Ljava/lang/String;[BIILjava/security/ProtectionDomain;Ljava/lang/String;)Ljava/lang/Class;' in 'java/lang/ClassLoader')}
  0x000001c03b87a334: 5041 5148 | ba58 4843 | 0008 0000 | 0049 8bcf | 4883 ec20 | 40f6 c40f | 0f84 1a00 | 0000 4883 
  0x000001c03b87a354: ;   {runtime_call}
  0x000001c03b87a354: ec08 49ba | d027 e8c3 | fc7f 0000 | 41ff d248 | 83c4 08e9 | 0d00 0000 

  0x000001c03b87a36c: ;   {runtime_call}
  0x000001c03b87a36c: 49ba d027 | e8c3 fc7f | 0000 41ff | d248 83c4 | 2041 5941 | 585a 498d | 8fe0 0200 | 0041 c787 
  0x000001c03b87a38c: 7403 0000 | 0400 0000 

  0x000001c03b87a394: ;   {runtime_call}
  0x000001c03b87a394: 49ba ac16 | 720d fd7f | 0000 41ff | d2c5 f877 | 41c7 8774 | 0300 0005 | 0000 00f0 | 8344 24c0 
  0x000001c03b87a3b4: 0049 3baf | 7803 0000 | 0f87 1100 | 0000 4181 | bf70 0300 | 0000 0000 | 000f 842c | 0000 00c5 
  0x000001c03b87a3d4: f877 4889 | 45f8 498b | cf4c 8be4 | 4883 ec20 | 4883 e4f0 

  0x000001c03b87a3e8: ;   {runtime_call}
  0x000001c03b87a3e8: 49ba 0015 | f3c3 fc7f | 0000 41ff | d249 8be4 | 4d33 e448 | 8b45 f841 | c787 7403 | 0000 0800 
  0x000001c03b87a408: 0000 4181 | bfe8 0300 | 0002 0000 | 000f 8499 

  0x000001c03b87a418: ;   {external_word}
  0x000001c03b87a418: 0200 0049 | bac9 8430 | c4fc 7f00 | 0041 803a | 000f 844e | 0000 0048 

  0x000001c03b87a430: ;   {metadata({method} {0x0000000800434860} 'defineClass1' '(Ljava/lang/ClassLoader;Ljava/lang/String;[BIILjava/security/ProtectionDomain;Ljava/lang/String;)Ljava/lang/Class;' in 'java/lang/ClassLoader')}
  0x000001c03b87a430: 8945 f848 | ba58 4843 | 0008 0000 | 0049 8bcf | 4883 ec20 | 40f6 c40f | 0f84 1a00 | 0000 4883 
  0x000001c03b87a450: ;   {runtime_call}
  0x000001c03b87a450: ec08 49ba | d027 e8c3 | fc7f 0000 | 41ff d248 | 83c4 08e9 | 0d00 0000 

  0x000001c03b87a468: ;   {runtime_call}
  0x000001c03b87a468: 49ba d027 | e8c3 fc7f | 0000 41ff | d248 83c4 | 2048 8b45 | f849 c787 | c002 0000 | 0000 0000 
  0x000001c03b87a488: 49c7 87c8 | 0200 0000 | 0000 00c5 | f877 4885 | c00f 84ef | 0100 00a8 | 010f 84e4 | 0100 0048 
  0x000001c03b87a4a8: 8b40 ff41 | 807f 4000 | 0f84 d001 | 0000 4883 | f800 0f84 | c601 0000 | 498b 4f28 | 4883 f900 
  0x000001c03b87a4c8: 0f84 1400 | 0000 4883 | e908 4989 | 4f28 4903 | 4f38 4889 | 01e9 a401 | 0000 4881 | ecd0 0000 
  0x000001c03b87a4e8: 0048 8904 | 2448 894c | 2408 4889 | 5424 1048 | 8974 2418 | 4889 7c24 | 204c 8944 | 2428 4c89 
  0x000001c03b87a508: 4c24 304c | 8954 2438 | 4c89 5c24 | 40c5 fb11 | 4424 50c5 | fb11 4c24 | 58c5 fb11 | 5424 60c5 
  0x000001c03b87a528: fb11 5c24 | 68c5 fb11 | 6424 70c5 | fb11 6c24 | 78c5 fb11 | b424 8000 | 0000 c5fb | 11bc 2488 
  0x000001c03b87a548: 0000 00c5 | 7b11 8424 | 9000 0000 | c57b 118c | 2498 0000 | 00c5 7b11 | 9424 a000 | 0000 c57b 
  0x000001c03b87a568: 119c 24a8 | 0000 00c5 | 7b11 a424 | b000 0000 | c57b 11ac | 24b8 0000 | 00c5 7b11 | b424 c000 
  0x000001c03b87a588: 0000 c57b | 11bc 24c8 | 0000 0049 | 8bd7 488b | c848 83ec | 2040 f6c4 | 0f0f 841a | 0000 0048 
  0x000001c03b87a5a8: ;   {runtime_call}
  0x000001c03b87a5a8: 83ec 0849 | bab0 1ea5 | c3fc 7f00 | 0041 ffd2 | 4883 c408 | e90d 0000 

  0x000001c03b87a5c0: ;   {runtime_call}
  0x000001c03b87a5c0: 0049 bab0 | 1ea5 c3fc | 7f00 0041 | ffd2 4883 | c420 c57b | 10bc 24c8 | 0000 00c5 | 7b10 b424 
  0x000001c03b87a5e0: c000 0000 | c57b 10ac | 24b8 0000 | 00c5 7b10 | a424 b000 | 0000 c57b | 109c 24a8 | 0000 00c5 
  0x000001c03b87a600: 7b10 9424 | a000 0000 | c57b 108c | 2498 0000 | 00c5 7b10 | 8424 9000 | 0000 c5fb | 10bc 2488 
  0x000001c03b87a620: 0000 00c5 | fb10 b424 | 8000 0000 | c5fb 106c | 2478 c5fb | 1064 2470 | c5fb 105c | 2468 c5fb 
  0x000001c03b87a640: 1054 2460 | c5fb 104c | 2458 c5fb | 1044 2450 | 4c8b 5c24 | 404c 8b54 | 2438 4c8b | 4c24 304c 
  0x000001c03b87a660: 8b44 2428 | 488b 7c24 | 2048 8b74 | 2418 488b | 5424 1048 | 8b4c 2408 | 488b 0424 | 4881 c4d0 
  0x000001c03b87a680: 0000 00c5 | f877 e903 | 0000 0048 | 8b00 498b | 8f50 0300 | 00c7 8100 | 0100 0000 | 0000 00c9 
  0x000001c03b87a6a0: 4981 7f08 | 0000 0000 | 0f85 0100 

  0x000001c03b87a6ac: ;   {runtime_call StubRoutines (1)}
  0x000001c03b87a6ac: 0000 c3e9 | 4c68 b5ff | c5f8 7748 | 8945 f84c | 8be4 4883 | ec20 4883 

  0x000001c03b87a6c4: ;   {runtime_call}
  0x000001c03b87a6c4: e4f0 49ba | 305c e8c3 | fc7f 0000 | 41ff d249 | 8be4 4d33 | e448 8b45 | f8e9 39fd | ffff f4f4 
  0x000001c03b87a6e4: f4f4 f4f4 
[/MachCode]


Compiled method (c1)     957 1360       1       java.lang.ClassLoader::defineClass (43 bytes)
 total in heap  [0x000001c03b888510,0x000001c03b888ab0] = 1440
 relocation     [0x000001c03b888670,0x000001c03b8886d0] = 96
 main code      [0x000001c03b8886e0,0x000001c03b888880] = 416
 stub code      [0x000001c03b888880,0x000001c03b8888f8] = 120
 metadata       [0x000001c03b8888f8,0x000001c03b888928] = 48
 scopes data    [0x000001c03b888928,0x000001c03b8889e0] = 184
 scopes pcs     [0x000001c03b8889e0,0x000001c03b888a80] = 160
 dependencies   [0x000001c03b888a80,0x000001c03b888a88] = 8
 nul chk table  [0x000001c03b888a88,0x000001c03b888ab0] = 40

[Constant Pool (empty)]

[MachCode]
[Entry Point]
  # {method} {0x0000000800434b88} 'defineClass' '(Ljava/lang/String;[BIILjava/security/ProtectionDomain;)Ljava/lang/Class;' in 'java/lang/ClassLoader'
  # this:     rdx:rdx   = 'java/lang/ClassLoader'
  # parm0:    r8:r8     = 'java/lang/String'
  # parm1:    r9:r9     = '[B'
  # parm2:    rdi       = int
  # parm3:    rsi       = int
  # parm4:    rcx:rcx   = 'java/security/ProtectionDomain'
  #           [sp+0xc0]  (sp of caller)
  0x000001c03b8886e0: 448b 5208 | 49bb 0000 | 0000 0800 | 0000 4d03 | d34c 3bd0 

  0x000001c03b8886f4: ;   {runtime_call ic_miss_stub}
  0x000001c03b8886f4: 0f85 8690 | baff 660f | 1f44 0000 
[Verified Entry Point]
  0x000001c03b888700: 8984 2400 | 90ff ff55 | 4881 ecb0 | 0000 0048 | 8954 2478 | 89b4 2494 | 0000 0089 | bc24 9000 
  0x000001c03b888720: 0000 4c89 | 8c24 8800 | 0000 498b | d84c 8bc3 | 4c8b c948 | 8bca 488b | d148 899c | 2480 0000 
  0x000001c03b888740: 0066 0f1f 

  0x000001c03b888744: ;   {optimized virtual_call}
  0x000001c03b888744: 4400 00e8 

  0x000001c03b888748: ; ImmutableOopMap {[120]=Oop [128]=Oop [136]=Oop }
                      ;*invokevirtual preDefineClass {reexecute=0 rethrow=0 return_oop=0}
                      ; - java.lang.ClassLoader::defineClass@4 (line 1011)
  0x000001c03b888748: 541f 0000 | 4889 8424 | 9800 0000 

  0x000001c03b888754: ; implicit exception: dispatches to 0x000001c03b88882a
  0x000001c03b888754: 448b 4010 | 49c1 e003 | 4983 f800 | 0f85 0f00 

  0x000001c03b888764: ;   {oop(NULL)}
  0x000001c03b888764: 0000 48bb | 0000 0000 | 0000 0000 | e942 0000 | 0045 8b40 | 0c49 c1e0 | 0349 83f8 | 000f 850f 
  0x000001c03b888784: ;   {oop(NULL)}
  0x000001c03b888784: 0000 0048 | bb00 0000 | 0000 0000 | 00e9 2100 | 0000 418b | 5038 48c1 | e203 483b | 0266 0f1f 
  0x000001c03b8887a4: ;   {optimized virtual_call}
  0x000001c03b8887a4: 4400 00e8 

  0x000001c03b8887a8: ; ImmutableOopMap {[120]=Oop [128]=Oop [136]=Oop [152]=Oop }
                      ;*invokevirtual toExternalForm {reexecute=0 rethrow=0 return_oop=0}
                      ; - java.net.URL::toExternalForm@5 (line 1040)
                      ; - java.net.URL::toString@1 (line 1026)
                      ; - java.lang.ClassLoader::defineClassSourceLocation@22 (line 913)
                      ; - java.lang.ClassLoader::defineClass@12 (line 1012)
  0x000001c03b8887a8: b405 feff | 488b d848 | 8b84 2498 | 0000 008b | b424 9400 | 0000 8bbc | 2490 0000 | 004c 8b8c 
  0x000001c03b8887c8: 2488 0000 | 004c 8b84 | 2480 0000 | 0048 8b54 | 2478 4c8b | da49 8bd3 | 488b c848 

  0x000001c03b8887e4: ;   {static_call}
  0x000001c03b8887e4: 891c 24e8 

  0x000001c03b8887e8: ; ImmutableOopMap {[120]=Oop [152]=Oop }
                      ;*invokestatic defineClass1 {reexecute=0 rethrow=0 return_oop=0}
                      ; - java.lang.ClassLoader::defineClass@27 (line 1013)
  0x000001c03b8887e8: 741a ffff | 4c8b c04c | 8b8c 2498 | 0000 0048 | 8b54 2478 | 4889 8424 | a000 0000 

  0x000001c03b888804: ;   {optimized virtual_call}
  0x000001c03b888804: 6666 90e8 

  0x000001c03b888808: ; ImmutableOopMap {[160]=Oop }
                      ;*invokevirtual postDefineClass {reexecute=0 rethrow=0 return_oop=0}
                      ; - java.lang.ClassLoader::defineClass@37 (line 1014)
  0x000001c03b888808: f40a 0000 | 488b 8424 | a000 0000 | 4881 c4b0 | 0000 005d 

  0x000001c03b88881c: ;   {poll_return}
  0x000001c03b88881c: 493b a778 | 0300 000f | 8715 0000 

  0x000001c03b888828: ;   {runtime_call throw_null_pointer_exception Runtime1 stub}
  0x000001c03b888828: 00c3 e8f1 

  0x000001c03b88882c: ; ImmutableOopMap {rax=Oop [120]=Oop [128]=Oop [136]=Oop [152]=Oop }
                      ;*invokevirtual getCodeSource {reexecute=0 rethrow=0 return_oop=0}
                      ; - java.lang.ClassLoader::defineClassSourceLocation@1 (line 910)
                      ; - java.lang.ClassLoader::defineClass@12 (line 1012)
                      ;   {runtime_call throw_null_pointer_exception Runtime1 stub}
  0x000001c03b88882c: f4c4 ffe8 

  0x000001c03b888830: ; ImmutableOopMap {rax=Oop [120]=Oop [128]=Oop [136]=Oop [152]=Oop }
                      ;*invokevirtual getLocation {reexecute=0 rethrow=0 return_oop=0}
                      ; - java.lang.ClassLoader::defineClassSourceLocation@12 (line 912)
                      ; - java.lang.ClassLoader::defineClass@12 (line 1012)
  0x000001c03b888830: ecf4 c4ff 

  0x000001c03b888834: ;   {runtime_call throw_null_pointer_exception Runtime1 stub}
  0x000001c03b888834: e8e7 f4c4 

  0x000001c03b888838: ; ImmutableOopMap {r8=Oop [120]=Oop [128]=Oop [136]=Oop [152]=Oop }
                      ;*invokevirtual toString {reexecute=0 rethrow=0 return_oop=0}
                      ; - java.lang.ClassLoader::defineClassSourceLocation@22 (line 913)
                      ; - java.lang.ClassLoader::defineClass@12 (line 1012)
                      ;   {runtime_call throw_null_pointer_exception Runtime1 stub}
  0x000001c03b888838: ffe8 e2f4 

  0x000001c03b88883c: ; ImmutableOopMap {r8=Oop rdx=Oop [120]=Oop [128]=Oop [136]=Oop [152]=Oop }
                      ;*invokevirtual toExternalForm {reexecute=0 rethrow=0 return_oop=0}
                      ; - java.net.URL::toExternalForm@5 (line 1040)
                      ; - java.net.URL::toString@1 (line 1026)
                      ; - java.lang.ClassLoader::defineClassSourceLocation@22 (line 913)
                      ; - java.lang.ClassLoader::defineClass@12 (line 1012)
                      ;   {internal_word}
  0x000001c03b88883c: c4ff 49ba | 1c88 883b | c001 0000 | 4d89 9790 

  0x000001c03b88884c: ;   {runtime_call SafepointBlob}
  0x000001c03b88884c: 0300 00e9 | acf5 baff | 498b 8720 | 0400 0049 | c787 2004 | 0000 0000 | 0000 49c7 | 8728 0400 
  0x000001c03b88886c: 0000 0000 | 0048 81c4 | b000 0000 

  0x000001c03b888878: ;   {runtime_call unwind_exception Runtime1 stub}
  0x000001c03b888878: 5de9 82e5 | c4ff f4f4 
[Stub Code]
  0x000001c03b888880: ;   {no_reloc}
  0x000001c03b888880: 0f1f 4400 

  0x000001c03b888884: ;   {static_stub}
  0x000001c03b888884: 0048 bb00 | 0000 0000 

  0x000001c03b88888c: ;   {runtime_call}
  0x000001c03b88888c: 0000 00e9 | fbff ffff 

  0x000001c03b888894: ;   {static_stub}
  0x000001c03b888894: 9048 bb00 | 0000 0000 

  0x000001c03b88889c: ;   {runtime_call}
  0x000001c03b88889c: 0000 00e9 | fbff ffff 

  0x000001c03b8888a4: ;   {static_stub}
  0x000001c03b8888a4: 9048 bb00 | 0000 0000 

  0x000001c03b8888ac: ;   {runtime_call}
  0x000001c03b8888ac: 0000 00e9 | fbff ffff 

  0x000001c03b8888b4: ;   {static_stub}
  0x000001c03b8888b4: 9048 bb00 | 0000 0000 

  0x000001c03b8888bc: ;   {runtime_call}
  0x000001c03b8888bc: 0000 00e9 | fbff ffff 
[Exception Handler]
  0x000001c03b8888c4: ;   {runtime_call handle_exception_from_callee Runtime1 stub}
  0x000001c03b8888c4: e837 1bc5 

  0x000001c03b8888c8: ;   {external_word}
  0x000001c03b8888c8: ff48 b918 | 4909 c4fc | 7f00 0048 

  0x000001c03b8888d4: ;   {runtime_call}
  0x000001c03b8888d4: 83e4 f049 | bab0 f8d4 | c3fc 7f00 | 0041 ffd2 

  0x000001c03b8888e4: ;   {section_word}
  0x000001c03b8888e4: f449 bae5 | 8888 3bc0 | 0100 0041 

  0x000001c03b8888f0: ;   {runtime_call DeoptimizationBlob}
  0x000001c03b8888f0: 52e9 aae7 | baff f4f4 
[/MachCode]


Compiled method (c1)     961 1345       1       jdk.internal.loader.BuiltinClassLoader::defineClass (121 bytes)
 total in heap  [0x000001c03b883510,0x000001c03b8843a8] = 3736
 relocation     [0x000001c03b883670,0x000001c03b8837a0] = 304
 main code      [0x000001c03b8837a0,0x000001c03b883de0] = 1600
 stub code      [0x000001c03b883de0,0x000001c03b883f28] = 328
 metadata       [0x000001c03b883f28,0x000001c03b883f70] = 72
 scopes data    [0x000001c03b883f70,0x000001c03b8841c8] = 600
 scopes pcs     [0x000001c03b8841c8,0x000001c03b884368] = 416
 dependencies   [0x000001c03b884368,0x000001c03b884370] = 8
 handler table  [0x000001c03b884370,0x000001c03b884388] = 24
 nul chk table  [0x000001c03b884388,0x000001c03b8843a8] = 32

[Constant Pool (empty)]

[MachCode]
[Entry Point]
  # {method} {0x0000000800082a50} 'defineClass' '(Ljava/lang/String;Ljdk/internal/loader/Resource;)Ljava/lang/Class;' in 'jdk/internal/loader/BuiltinClassLoader'
  # this:     rdx:rdx   = 'jdk/internal/loader/BuiltinClassLoader'
  # parm0:    r8:r8     = 'java/lang/String'
  # parm1:    r9:r9     = 'jdk/internal/loader/Resource'
  #           [sp+0x110]  (sp of caller)
  0x000001c03b8837a0: 448b 5208 | 49bb 0000 | 0000 0800 | 0000 4d03 | d34c 3bd0 

  0x000001c03b8837b4: ;   {runtime_call ic_miss_stub}
  0x000001c03b8837b4: 0f85 c6df | baff 660f | 1f44 0000 
[Verified Entry Point]
  0x000001c03b8837c0: 8984 2400 | 90ff ff55 | 4881 ec00 | 0100 0048 | 8994 24a0 | 0000 004c | 8984 2490 | 0000 004c 
  0x000001c03b8837e0: 898c 2498 | 0000 0049 | 8bd1 6666 | 9048 b8b8 | 1323 0008 

  0x000001c03b8837f4: ;   {virtual_call}
  0x000001c03b8837f4: 0000 00e8 

  0x000001c03b8837f8: ; ImmutableOopMap {[144]=Oop [152]=Oop [160]=Oop }
                      ;*invokevirtual getCodeSourceURL {reexecute=0 rethrow=0 return_oop=0}
                      ; - jdk.internal.loader.BuiltinClassLoader::defineClass@1 (line 842)
  0x000001c03b8837f8: 247b 0000 | 4889 8424 | a800 0000 | 4c8b 8424 | 9000 0000 

  0x000001c03b88380c: ; implicit exception: dispatches to 0x000001c03b883cd3
  0x000001c03b88380c: 418b 7014 | 48c1 e603 

  0x000001c03b883814: ; implicit exception: dispatches to 0x000001c03b883cd8
  0x000001c03b883814: 8b56 0c45 | 0fbe 4810 | 498b c9c1 | e118 c1f9 | 18d3 fa48 | 8bfa ffcf | 4183 f900 | ba00 0000 
  0x000001c03b883834: 000f 8505 | 0000 00ba | 0100 0000 | 83e2 0183 | fa00 488b | d641 b82e | 0000 004c | 8bcf 0f84 
  0x000001c03b883854: 1100 0000 | 0f1f 8000 

  0x000001c03b88385c: ;   {static_call}
  0x000001c03b88385c: 0000 00e8 

  0x000001c03b883860: ; ImmutableOopMap {[144]=Oop [152]=Oop [160]=Oop [168]=Oop }
                      ;*invokestatic lastIndexOf {reexecute=0 rethrow=0 return_oop=0}
                      ; - java.lang.String::lastIndexOf@13 (line 2495)
                      ; - java.lang.String::lastIndexOf@8 (line 2457)
                      ; - jdk.internal.loader.BuiltinClassLoader::defineClass@8 (line 845)
  0x000001c03b883860: 5cd8 e4ff | e90b 0000 | 0066 0f1f 

  0x000001c03b88386c: ;   {static_call}
  0x000001c03b88386c: 4400 00e8 

  0x000001c03b883870: ; ImmutableOopMap {[144]=Oop [152]=Oop [160]=Oop [168]=Oop }
                      ;*invokestatic lastIndexOf {reexecute=0 rethrow=0 return_oop=0}
                      ; - java.lang.String::lastIndexOf@25 (line 2496)
                      ; - java.lang.String::lastIndexOf@8 (line 2457)
                      ; - jdk.internal.loader.BuiltinClassLoader::defineClass@8 (line 845)
  0x000001c03b883870: 0ce8 baff | 83f8 ff0f | 8467 0000 | 0041 b800 | 0000 004c | 8bc8 488b | 9424 9000 

  0x000001c03b88388c: ;   {optimized virtual_call}
  0x000001c03b88388c: 0000 90e8 

  0x000001c03b883890: ; ImmutableOopMap {[144]=Oop [152]=Oop [160]=Oop [168]=Oop }
                      ;*invokevirtual substring {reexecute=0 rethrow=0 return_oop=0}
                      ; - jdk.internal.loader.BuiltinClassLoader::defineClass@23 (line 847)
  0x000001c03b883890: 6cad e3ff | 488b 9424 | 9800 0000 | 4889 8424 | b000 0000 | 9048 b8b8 | 1323 0008 

  0x000001c03b8838ac: ;   {virtual_call}
  0x000001c03b8838ac: 0000 00e8 

  0x000001c03b8838b0: ; ImmutableOopMap {[144]=Oop [152]=Oop [160]=Oop [168]=Oop [176]=Oop }
                      ;*invokevirtual getManifest {reexecute=0 rethrow=0 return_oop=0}
                      ; - jdk.internal.loader.BuiltinClassLoader::defineClass@29 (line 848)
  0x000001c03b8838b0: 6c89 0000 | 4c8b 8424 | b000 0000 | 4c8b c848 | 8bbc 24a8 | 0000 0048 | 8b94 24a0 | 0000 0066 
  0x000001c03b8838d0: 0f1f 4400 | 0048 b8e8 | 3008 0008 

  0x000001c03b8838dc: ;   {virtual_call}
  0x000001c03b8838dc: 0000 00e8 

  0x000001c03b8838e0: ; ImmutableOopMap {[144]=Oop [152]=Oop [160]=Oop [168]=Oop }
                      ;*invokevirtual defineOrCheckPackage {reexecute=0 rethrow=0 return_oop=0}
                      ; - jdk.internal.loader.BuiltinClassLoader::defineClass@40 (line 849)
  0x000001c03b8838e0: bcde ffff | 4c8b 8c24 | 9800 0000 | 488d 9424 | e000 0000 | 4c89 4a08 | 498b 0148 | 83c8 0148 
  0x000001c03b883900: 8902 f049 | 0fb1 110f | 8412 0000 | 0048 2bc4 | 4825 07f0 | ffff 4889 | 020f 85be | 0300 0041 
  0x000001c03b883920: 8b51 0c48 | c1e2 0348 | 83fa 000f | 8548 0000 | 0049 8bd1 | 9048 b8b8 | 1323 0008 

  0x000001c03b88393c: ;   {virtual_call}
  0x000001c03b88393c: 0000 00e8 

  0x000001c03b883940: ; ImmutableOopMap {[144]=Oop [152]=Oop [160]=Oop [168]=Oop [232]=Oop }
                      ;*invokevirtual getInputStream {reexecute=0 rethrow=0 return_oop=0}
                      ; - jdk.internal.loader.Resource::cachedInputStream@9 (line 77)
                      ; - jdk.internal.loader.Resource::getByteBuffer@1 (line 163)
                      ; - jdk.internal.loader.BuiltinClassLoader::defineClass@45 (line 853)
  0x000001c03b883940: fc6e 0200 | 410f be57 | 4083 fa00 | 4c8b 8c24 | 9800 0000 | 0f85 9603 | 0000 4c8b | d049 c1ea 
  0x000001c03b883960: 0345 8951 | 0c49 8bd1 | 4833 d048 | c1ea 1548 | 83fa 000f | 8597 0300 | 0041 8b51 | 0c48 c1e2 
  0x000001c03b883980: 0348 8d84 | 24e0 0000 | 0048 8b30 | 4885 f60f | 840f 0000 | 0048 8b78 | 08f0 480f | b137 0f85 
  0x000001c03b8839a0: 8403 0000 | 4883 fa00 | 0f84 4400 

  0x000001c03b8839ac: ;   {metadata('sun/nio/ByteBuffered')}
  0x000001c03b8839ac: 0000 48b8 | e0ad 3700 | 0800 0000 | 8b5a 0849 | ba00 0000 | 0008 0000 | 0049 03da | 483b 4320 
  0x000001c03b8839cc: 0f84 2500 | 0000 483b | d80f 841c | 0000 0053 

  0x000001c03b8839dc: ;   {runtime_call slow_subtype_check Runtime1 stub}
  0x000001c03b8839dc: 50e8 1e76 | c5ff 5b5b | 83fb 000f | 8405 0000 | 00e9 0500 | 0000 4833 | f6eb 0a48 | be01 0000 
  0x000001c03b8839fc: 0000 0000 | 0083 fe00 | 0f84 6700 | 0000 4883 | fa00 0f84 | 4400 0000 

  0x000001c03b883a14: ;   {metadata('sun/nio/ByteBuffered')}
  0x000001c03b883a14: 48bb e0ad | 3700 0800 | 0000 8b7a | 0849 ba00 | 0000 0008 | 0000 0049 | 03fa 483b | 5f20 0f84 
  0x000001c03b883a34: 2000 0000 | 483b fb0f | 8417 0000 

  0x000001c03b883a40: ;   {runtime_call slow_subtype_check Runtime1 stub}
  0x000001c03b883a40: 0057 53e8 | b875 c5ff | 5f5f 83ff | 000f 84eb | 0200 00e9 | 0000 0000 | 0f1f 4400 | 0048 b8ff 
  0x000001c03b883a60: ffff ffff 

  0x000001c03b883a64: ;   {virtual_call}
  0x000001c03b883a64: ffff ffe8 

  0x000001c03b883a68: ; ImmutableOopMap {[144]=Oop [152]=Oop [160]=Oop [168]=Oop }
                      ;*invokeinterface getByteBuffer {reexecute=0 rethrow=0 return_oop=0}
                      ; - jdk.internal.loader.Resource::getByteBuffer@16 (line 165)
                      ; - jdk.internal.loader.BuiltinClassLoader::defineClass@45 (line 853)
  0x000001c03b883a68: 14e3 baff | e90a 0000 

  0x000001c03b883a70: ;   {oop(NULL)}
  0x000001c03b883a70: 0048 b800 | 0000 0000 | 0000 0048 | 83f8 000f | 84e5 0000 | 0048 8984 | 24b8 0000 | 0048 8b94 
  0x000001c03b883a90: 2498 0000 | 0048 b8ff | ffff ffff 

  0x000001c03b883a9c: ;   {virtual_call}
  0x000001c03b883a9c: ffff ffe8 

  0x000001c03b883aa0: ; ImmutableOopMap {[144]=Oop [160]=Oop [168]=Oop [184]=Oop }
                      ;*invokevirtual getCodeSigners {reexecute=0 rethrow=0 return_oop=0}
                      ; - jdk.internal.loader.BuiltinClassLoader::defineClass@56 (line 855)
  0x000001c03b883aa0: dce2 baff 

  0x000001c03b883aa4: ;   {metadata('java/security/CodeSource')}
  0x000001c03b883aa4: 4c8b c848 | ba08 3d06 | 0008 0000 | 0049 8b87 | f800 0000 | 488d 7828 | 493b bf08 | 0100 000f 
  0x000001c03b883ac4: 877e 0200 | 0049 89bf | f800 0000 | 48c7 0001 | 0000 0048 | 8bca 49ba | 0000 0000 | 0800 0000 
  0x000001c03b883ae4: 492b ca89 | 4808 4833 | c989 480c | 4833 c948 | 8948 1048 | 8948 1848 | 8948 204c | 8b84 24a8 
  0x000001c03b883b04: 0000 0048 | 8bd0 4889 | 8424 c000 | 0000 0f1f 

  0x000001c03b883b14: ;   {optimized virtual_call}
  0x000001c03b883b14: 4400 00e8 

  0x000001c03b883b18: ; ImmutableOopMap {[144]=Oop [160]=Oop [184]=Oop [192]=Oop }
                      ;*invokespecial <init> {reexecute=0 rethrow=0 return_oop=0}
                      ; - jdk.internal.loader.BuiltinClassLoader::defineClass@68 (line 856)
  0x000001c03b883b18: 64df baff | 4c8b 8424 | c000 0000 | 488b 9424 | a000 0000 

  0x000001c03b883b2c: ;   {optimized virtual_call}
  0x000001c03b883b2c: 6666 90e8 

  0x000001c03b883b30: ; ImmutableOopMap {[144]=Oop [160]=Oop [184]=Oop }
                      ;*invokevirtual getProtectionDomain {reexecute=0 rethrow=0 return_oop=0}
                      ; - java.security.SecureClassLoader::defineClass@5 (line 182)
                      ; - jdk.internal.loader.BuiltinClassLoader::defineClass@79 (line 857)
  0x000001c03b883b30: 4cdf baff | 4c8b 8424 | 9000 0000 | 4c8b 8c24 | b800 0000 | 488b f848 | 8b94 24a0 

  0x000001c03b883b4c: ;   {optimized virtual_call}
  0x000001c03b883b4c: 0000 00e8 

  0x000001c03b883b50: ; ImmutableOopMap {}
                      ;*invokevirtual defineClass {reexecute=0 rethrow=0 return_oop=0}
                      ; - java.security.SecureClassLoader::defineClass@8 (line 182)
                      ; - jdk.internal.loader.BuiltinClassLoader::defineClass@79 (line 857)
  0x000001c03b883b50: 2cdf baff | 4881 c400 | 0100 005d 

  0x000001c03b883b5c: ;   {poll_return}
  0x000001c03b883b5c: 493b a778 | 0300 000f | 87eb 0100 | 00c3 4c8b | 8c24 9800 | 0000 498b | d148 b8b8 | 1323 0008 
  0x000001c03b883b7c: ;   {virtual_call}
  0x000001c03b883b7c: 0000 00e8 

  0x000001c03b883b80: ; ImmutableOopMap {[144]=Oop [152]=Oop [160]=Oop [168]=Oop }
                      ;*invokevirtual getBytes {reexecute=0 rethrow=0 return_oop=0}
                      ; - jdk.internal.loader.BuiltinClassLoader::defineClass@84 (line 859)
  0x000001c03b883b80: 5c76 0200 | 4889 8424 | c800 0000 | 488b 9424 | 9800 0000 | 9048 b8b8 | 1323 0008 

  0x000001c03b883b9c: ;   {virtual_call}
  0x000001c03b883b9c: 0000 00e8 

  0x000001c03b883ba0: ; ImmutableOopMap {[144]=Oop [160]=Oop [168]=Oop [200]=Oop }
                      ;*invokevirtual getCodeSigners {reexecute=0 rethrow=0 return_oop=0}
                      ; - jdk.internal.loader.BuiltinClassLoader::defineClass@90 (line 860)
  0x000001c03b883ba0: 1c73 0200 

  0x000001c03b883ba4: ;   {metadata('java/security/CodeSource')}
  0x000001c03b883ba4: 4c8b c848 | ba08 3d06 | 0008 0000 | 0049 8b87 | f800 0000 | 488d 7828 | 493b bf08 | 0100 000f 
  0x000001c03b883bc4: 87a1 0100 | 0049 89bf | f800 0000 | 48c7 0001 | 0000 0048 | 8bca 49ba | 0000 0000 | 0800 0000 
  0x000001c03b883be4: 492b ca89 | 4808 4833 | c989 480c | 4833 c948 | 8948 1048 | 8948 1848 | 8948 204c | 8b84 24a8 
  0x000001c03b883c04: 0000 0048 | 8bd0 4889 | 8424 d000 | 0000 0f1f 

  0x000001c03b883c14: ;   {optimized virtual_call}
  0x000001c03b883c14: 4400 00e8 

  0x000001c03b883c18: ; ImmutableOopMap {[144]=Oop [160]=Oop [200]=Oop [208]=Oop }
                      ;*invokespecial <init> {reexecute=0 rethrow=0 return_oop=0}
                      ; - jdk.internal.loader.BuiltinClassLoader::defineClass@102 (line 861)
  0x000001c03b883c18: 6440 0000 | 488b 8424 | c800 0000 

  0x000001c03b883c24: ; implicit exception: dispatches to 0x000001c03b883d77
  0x000001c03b883c24: 8b70 0c4c | 8b84 24d0 | 0000 0048 | 8b94 24a0 | 0000 0089 | b424 d800 

  0x000001c03b883c3c: ;   {optimized virtual_call}
  0x000001c03b883c3c: 0000 90e8 

  0x000001c03b883c40: ; ImmutableOopMap {[144]=Oop [160]=Oop [200]=Oop }
                      ;*invokevirtual getProtectionDomain {reexecute=0 rethrow=0 return_oop=0}
                      ; - java.security.SecureClassLoader::defineClass@9 (line 150)
                      ; - jdk.internal.loader.BuiltinClassLoader::defineClass@117 (line 862)
  0x000001c03b883c40: bc32 0000 | 4c8b 8424 | 9000 0000 | 4c8b 8c24 | c800 0000 | bf00 0000 | 008b b424 | d800 0000 
  0x000001c03b883c60: 488b c848 | 8b94 24a0 | 0000 000f 

  0x000001c03b883c6c: ;   {optimized virtual_call}
  0x000001c03b883c6c: 1f40 00e8 

  0x000001c03b883c70: ; ImmutableOopMap {}
                      ;*invokevirtual defineClass {reexecute=0 rethrow=0 return_oop=0}
                      ; - java.security.SecureClassLoader::defineClass@12 (line 150)
                      ; - jdk.internal.loader.BuiltinClassLoader::defineClass@117 (line 862)
  0x000001c03b883c70: 8c4a 0000 | 4881 c400 | 0100 005d 

  0x000001c03b883c7c: ;   {poll_return}
  0x000001c03b883c7c: 493b a778 | 0300 000f | 87f3 0000 | 00c3 498b | 8720 0400 | 004d 33d2 | 4d89 9720 | 0400 004d 
  0x000001c03b883c9c: 33d2 4d89 | 9728 0400 | 0048 8bf0 | 488d 8424 | e000 0000 | 488b 3848 | 85ff 0f84 | 0f00 0000 
  0x000001c03b883cbc: 488b 5808 | f048 0fb1 | 3b0f 85c7 | 0000 0048 | 8bc6 e9f2 

  0x000001c03b883cd0: ;   {runtime_call throw_null_pointer_exception Runtime1 stub}
  0x000001c03b883cd0: 0000 00e8 

  0x000001c03b883cd4: ; ImmutableOopMap {rax=Oop r8=Oop [144]=Oop [152]=Oop [160]=Oop [168]=Oop }
                      ;*invokevirtual lastIndexOf {reexecute=0 rethrow=0 return_oop=0}
                      ; - jdk.internal.loader.BuiltinClassLoader::defineClass@8 (line 845)
  0x000001c03b883cd4: 4840 c5ff 

  0x000001c03b883cd8: ;   {runtime_call throw_null_pointer_exception Runtime1 stub}
  0x000001c03b883cd8: e843 40c5 

  0x000001c03b883cdc: ; ImmutableOopMap {rax=Oop r8=Oop rsi=Oop [144]=Oop [152]=Oop [160]=Oop [168]=Oop }
                      ;*arraylength {reexecute=0 rethrow=0 return_oop=0}
                      ; - java.lang.String::length@4 (line 1491)
                      ; - java.lang.String::lastIndexOf@3 (line 2457)
                      ; - jdk.internal.loader.BuiltinClassLoader::defineClass@8 (line 845)
  0x000001c03b883cdc: ff4c 894c | 2408 4889 

  0x000001c03b883ce4: ;   {runtime_call monitorenter_nofpu Runtime1 stub}
  0x000001c03b883ce4: 1424 e815 

  0x000001c03b883ce8: ; ImmutableOopMap {r9=Oop [144]=Oop [152]=Oop [160]=Oop [168]=Oop [232]=Oop }
                      ;*synchronization entry
                      ; - jdk.internal.loader.Resource::cachedInputStream@-1 (line 76)
                      ; - jdk.internal.loader.Resource::getByteBuffer@1 (line 163)
                      ; - jdk.internal.loader.BuiltinClassLoader::defineClass@45 (line 853)
  0x000001c03b883ce8: 7fc5 ffe9 | 2ffc ffff | 418b 510c | 48c1 e203 | 4883 fa00 | 0f84 58fc | ffff 4889 

  0x000001c03b883d04: ;   {runtime_call g1_pre_barrier_slow}
  0x000001c03b883d04: 1424 e8f5 | b4c5 ffe9 | 4afc ffff | 4883 f800 | 0f84 5ffc | ffff 4c89 

  0x000001c03b883d1c: ;   {runtime_call g1_post_barrier_slow}
  0x000001c03b883d1c: 0c24 e8dd | b7c5 ffe9 | 51fc ffff | 488d 8424 | e000 0000 | 4889 0424 

  0x000001c03b883d34: ;   {runtime_call monitorexit_nofpu Runtime1 stub}
  0x000001c03b883d34: e8c7 87c5 | ffe9 66fc | ffff 4889 

  0x000001c03b883d40: ;   {runtime_call throw_class_cast_exception Runtime1 stub}
  0x000001c03b883d40: 1424 e8d9 

  0x000001c03b883d44: ; ImmutableOopMap {[144]=Oop [152]=Oop [160]=Oop [168]=Oop }
                      ;*checkcast {reexecute=0 rethrow=0 return_oop=0}
                      ; - jdk.internal.loader.Resource::getByteBuffer@13 (line 165)
                      ; - jdk.internal.loader.BuiltinClassLoader::defineClass@45 (line 853)
  0x000001c03b883d44: 6cc5 ff48 

  0x000001c03b883d48: ;   {runtime_call fast_new_instance Runtime1 stub}
  0x000001c03b883d48: 8bd2 e8b1 

  0x000001c03b883d4c: ; ImmutableOopMap {r9=Oop [144]=Oop [160]=Oop [168]=Oop [184]=Oop }
                      ;*new {reexecute=0 rethrow=0 return_oop=0}
                      ; - jdk.internal.loader.BuiltinClassLoader::defineClass@61 (line 856)
  0x000001c03b883d4c: 48c5 ffe9 | abfd ffff 

  0x000001c03b883d54: ;   {internal_word}
  0x000001c03b883d54: 49ba 5c3b | 883b c001 | 0000 4d89 | 9790 0300 

  0x000001c03b883d64: ;   {runtime_call SafepointBlob}
  0x000001c03b883d64: 00e9 9640 | bbff 488b 

  0x000001c03b883d6c: ;   {runtime_call fast_new_instance Runtime1 stub}
  0x000001c03b883d6c: d2e8 8e48 

  0x000001c03b883d70: ; ImmutableOopMap {r9=Oop [144]=Oop [160]=Oop [168]=Oop [200]=Oop }
                      ;*new {reexecute=0 rethrow=0 return_oop=0}
                      ; - jdk.internal.loader.BuiltinClassLoader::defineClass@95 (line 861)
  0x000001c03b883d70: c5ff e988 

  0x000001c03b883d74: ;   {runtime_call throw_null_pointer_exception Runtime1 stub}
  0x000001c03b883d74: feff ffe8 

  0x000001c03b883d78: ; ImmutableOopMap {rax=Oop [144]=Oop [160]=Oop [200]=Oop [208]=Oop }
                      ;*arraylength {reexecute=0 rethrow=0 return_oop=0}
                      ; - jdk.internal.loader.BuiltinClassLoader::defineClass@114 (line 862)
  0x000001c03b883d78: a43f c5ff 

  0x000001c03b883d7c: ;   {internal_word}
  0x000001c03b883d7c: 49ba 7c3c | 883b c001 | 0000 4d89 | 9790 0300 

  0x000001c03b883d8c: ;   {runtime_call SafepointBlob}
  0x000001c03b883d8c: 00e9 6e40 | bbff 488d | 8424 e000 | 0000 4889 

  0x000001c03b883d9c: ;   {runtime_call monitorexit_nofpu Runtime1 stub}
  0x000001c03b883d9c: 0424 e85d | 87c5 ffe9 | 23ff ffff | 498b 8720 | 0400 0049 | c787 2004 | 0000 0000 | 0000 49c7 
  0x000001c03b883dbc: 8728 0400 | 0000 0000 | 0048 81c4 | 0001 0000 

  0x000001c03b883dcc: ;   {runtime_call unwind_exception Runtime1 stub}
  0x000001c03b883dcc: 5de9 2e30 | c5ff f4f4 | f4f4 f4f4 | f4f4 f4f4 | f4f4 f4f4 
[Stub Code]
  0x000001c03b883de0: ;   {no_reloc}
  0x000001c03b883de0: 0f1f 4400 

  0x000001c03b883de4: ;   {static_stub}
  0x000001c03b883de4: 0048 bb00 | 0000 0000 

  0x000001c03b883dec: ;   {runtime_call}
  0x000001c03b883dec: 0000 00e9 | fbff ffff 

  0x000001c03b883df4: ;   {static_stub}
  0x000001c03b883df4: 9048 bb00 | 0000 0000 

  0x000001c03b883dfc: ;   {runtime_call}
  0x000001c03b883dfc: 0000 00e9 | fbff ffff 

  0x000001c03b883e04: ;   {static_stub}
  0x000001c03b883e04: 9048 bb00 | 0000 0000 

  0x000001c03b883e0c: ;   {runtime_call}
  0x000001c03b883e0c: 0000 00e9 | fbff ffff 

  0x000001c03b883e14: ;   {static_stub}
  0x000001c03b883e14: 9048 bb00 | 0000 0000 

  0x000001c03b883e1c: ;   {runtime_call}
  0x000001c03b883e1c: 0000 00e9 | fbff ffff 

  0x000001c03b883e24: ;   {static_stub}
  0x000001c03b883e24: 9048 bb00 | 0000 0000 

  0x000001c03b883e2c: ;   {runtime_call}
  0x000001c03b883e2c: 0000 00e9 | fbff ffff 

  0x000001c03b883e34: ;   {static_stub}
  0x000001c03b883e34: 9048 bb00 | 0000 0000 

  0x000001c03b883e3c: ;   {runtime_call}
  0x000001c03b883e3c: 0000 00e9 | fbff ffff 

  0x000001c03b883e44: ;   {static_stub}
  0x000001c03b883e44: 9048 bb00 | 0000 0000 

  0x000001c03b883e4c: ;   {runtime_call}
  0x000001c03b883e4c: 0000 00e9 | fbff ffff 

  0x000001c03b883e54: ;   {static_stub}
  0x000001c03b883e54: 9048 bb00 | 0000 0000 

  0x000001c03b883e5c: ;   {runtime_call}
  0x000001c03b883e5c: 0000 00e9 | fbff ffff 

  0x000001c03b883e64: ;   {static_stub}
  0x000001c03b883e64: 9048 bb00 | 0000 0000 

  0x000001c03b883e6c: ;   {runtime_call}
  0x000001c03b883e6c: 0000 00e9 | fbff ffff 

  0x000001c03b883e74: ;   {static_stub}
  0x000001c03b883e74: 9048 bb00 | 0000 0000 

  0x000001c03b883e7c: ;   {runtime_call}
  0x000001c03b883e7c: 0000 00e9 | fbff ffff 

  0x000001c03b883e84: ;   {static_stub}
  0x000001c03b883e84: 9048 bb00 | 0000 0000 

  0x000001c03b883e8c: ;   {runtime_call}
  0x000001c03b883e8c: 0000 00e9 | fbff ffff 

  0x000001c03b883e94: ;   {static_stub}
  0x000001c03b883e94: 9048 bb00 | 0000 0000 

  0x000001c03b883e9c: ;   {runtime_call}
  0x000001c03b883e9c: 0000 00e9 | fbff ffff 

  0x000001c03b883ea4: ;   {static_stub}
  0x000001c03b883ea4: 9048 bb00 | 0000 0000 

  0x000001c03b883eac: ;   {runtime_call}
  0x000001c03b883eac: 0000 00e9 | fbff ffff 

  0x000001c03b883eb4: ;   {static_stub}
  0x000001c03b883eb4: 9048 bb00 | 0000 0000 

  0x000001c03b883ebc: ;   {runtime_call}
  0x000001c03b883ebc: 0000 00e9 | fbff ffff 

  0x000001c03b883ec4: ;   {static_stub}
  0x000001c03b883ec4: 9048 bb00 | 0000 0000 

  0x000001c03b883ecc: ;   {runtime_call}
  0x000001c03b883ecc: 0000 00e9 | fbff ffff 

  0x000001c03b883ed4: ;   {static_stub}
  0x000001c03b883ed4: 9048 bb00 | 0000 0000 

  0x000001c03b883edc: ;   {runtime_call}
  0x000001c03b883edc: 0000 00e9 | fbff ffff 

  0x000001c03b883ee4: ;   {static_stub}
  0x000001c03b883ee4: 9048 bb00 | 0000 0000 

  0x000001c03b883eec: ;   {runtime_call}
  0x000001c03b883eec: 0000 00e9 | fbff ffff 
[Exception Handler]
  0x000001c03b883ef4: ;   {runtime_call handle_exception_from_callee Runtime1 stub}
  0x000001c03b883ef4: e807 65c5 

  0x000001c03b883ef8: ;   {external_word}
  0x000001c03b883ef8: ff48 b918 | 4909 c4fc | 7f00 0048 

  0x000001c03b883f04: ;   {runtime_call}
  0x000001c03b883f04: 83e4 f049 | bab0 f8d4 | c3fc 7f00 | 0041 ffd2 

  0x000001c03b883f14: ;   {section_word}
  0x000001c03b883f14: f449 ba15 | 3f88 3bc0 | 0100 0041 

  0x000001c03b883f20: ;   {runtime_call DeoptimizationBlob}
  0x000001c03b883f20: 52e9 7a31 | bbff f4f4 
[/MachCode]


---------------  P R O C E S S  ---------------

Threads class SMR info:
_java_thread_list=0x000001c04fbe5340, length=17, elements={
0x000001c031cb0290, 0x000001c04a9137a0, 0x000001c04a914390, 0x000001c04a9155c0,
0x000001c04a916570, 0x000001c04a917eb0, 0x000001c04a9187e0, 0x000001c04a919320,
0x000001c04f808090, 0x000001c04f8fc750, 0x000001c04f902010, 0x000001c04f904bb0,
0x000001c04f907350, 0x000001c04fbd3a60, 0x000001c04fbd3fa0, 0x000001c04fdd59c0,
0x000001c0502b0f80
}

Java Threads: ( => current thread )
  0x000001c031cb0290 JavaThread "main" [_thread_in_vm, id=13876, stack(0x0000003b03b00000,0x0000003b03c00000)]
  0x000001c04a9137a0 JavaThread "Reference Handler" daemon [_thread_blocked, id=13380, stack(0x0000003b04200000,0x0000003b04300000)]
  0x000001c04a914390 JavaThread "Finalizer" daemon [_thread_blocked, id=21016, stack(0x0000003b04300000,0x0000003b04400000)]
  0x000001c04a9155c0 JavaThread "Signal Dispatcher" daemon [_thread_blocked, id=19948, stack(0x0000003b04400000,0x0000003b04500000)]
  0x000001c04a916570 JavaThread "Attach Listener" daemon [_thread_blocked, id=19612, stack(0x0000003b04500000,0x0000003b04600000)]
  0x000001c04a917eb0 JavaThread "Service Thread" daemon [_thread_blocked, id=18776, stack(0x0000003b04600000,0x0000003b04700000)]
  0x000001c04a9187e0 JavaThread "Monitor Deflation Thread" daemon [_thread_blocked, id=15960, stack(0x0000003b04700000,0x0000003b04800000)]
  0x000001c04a919320 JavaThread "C1 CompilerThread0" daemon [_thread_blocked, id=19116, stack(0x0000003b04800000,0x0000003b04900000)]
  0x000001c04f808090 JavaThread "Sweeper thread" daemon [_thread_blocked, id=13968, stack(0x0000003b04900000,0x0000003b04a00000)]
  0x000001c04f8fc750 JavaThread "Common-Cleaner" daemon [_thread_blocked, id=10140, stack(0x0000003b04a00000,0x0000003b04b00000)]
  0x000001c04f902010 JavaThread "C1 CompilerThread1" daemon [_thread_blocked, id=3028, stack(0x0000003b04b00000,0x0000003b04c00000)]
  0x000001c04f904bb0 JavaThread "C1 CompilerThread2" daemon [_thread_blocked, id=5096, stack(0x0000003b04c00000,0x0000003b04d00000)]
  0x000001c04f907350 JavaThread "C1 CompilerThread3" daemon [_thread_blocked, id=18100, stack(0x0000003b04d00000,0x0000003b04e00000)]
  0x000001c04fbd3a60 JavaThread "Monitor Ctrl-Break" daemon [_thread_in_native, id=17572, stack(0x0000003b04e00000,0x0000003b04f00000)]
  0x000001c04fbd3fa0 JavaThread "Notification Thread" daemon [_thread_blocked, id=5260, stack(0x0000003b04f00000,0x0000003b05000000)]
  0x000001c04fdd59c0 JavaThread "RMI TCP Accept-0" daemon [_thread_in_native, id=20196, stack(0x0000003b05000000,0x0000003b05100000)]
=>0x000001c0502b0f80 JavaThread "background-preinit" [_thread_in_vm, id=13940, stack(0x0000003b05800000,0x0000003b05900000)]

Other Threads:
  0x000001c04a8f5a50 VMThread "VM Thread" [stack: 0x0000003b04100000,0x0000003b04200000] [id=2692]
  0x000001c031cb11c0 WatcherThread "VM Periodic Task Thread" [stack: 0x0000003b05100000,0x0000003b05200000] [id=14096]
  0x000001c031d21fe0 WorkerThread "GC Thread#0" [stack: 0x0000003b03c00000,0x0000003b03d00000] [id=17708]
  0x000001c04fe87bf0 WorkerThread "GC Thread#1" [stack: 0x0000003b05200000,0x0000003b05300000] [id=15848]
  0x000001c04fe86570 WorkerThread "GC Thread#2" [stack: 0x0000003b05300000,0x0000003b05400000] [id=12480]
  0x000001c04fe87380 WorkerThread "GC Thread#3" [stack: 0x0000003b05400000,0x0000003b05500000] [id=1584]
  0x000001c04fe87650 WorkerThread "GC Thread#4" [stack: 0x0000003b05500000,0x0000003b05600000] [id=14816]
  0x000001c04fe86de0 WorkerThread "GC Thread#5" [stack: 0x0000003b05600000,0x0000003b05700000] [id=12784]
  0x000001c04fe86840 WorkerThread "GC Thread#6" [stack: 0x0000003b05700000,0x0000003b05800000] [id=13464]
  0x000001c04fe870b0 WorkerThread "GC Thread#7" [stack: 0x0000003b05900000,0x0000003b05a00000] [id=2224]
  0x000001c04fe86b10 WorkerThread "GC Thread#8" [stack: 0x0000003b05a00000,0x0000003b05b00000] [id=2932]
  0x000001c05088e000 WorkerThread "GC Thread#9" [stack: 0x0000003b05b00000,0x0000003b05c00000] [id=2576]
  0x000001c05088fc20 WorkerThread "GC Thread#10" [stack: 0x0000003b05c00000,0x0000003b05d00000] [id=2584]
  0x000001c031d34330 ConcurrentGCThread "G1 Main Marker" [stack: 0x0000003b03d00000,0x0000003b03e00000] [id=21436]
  0x000001c031d34d10 WorkerThread "G1 Conc#0" [stack: 0x0000003b03e00000,0x0000003b03f00000] [id=15432]
  0x000001c031d6df40 ConcurrentGCThread "G1 Refine#0" [stack: 0x0000003b03f00000,0x0000003b04000000] [id=12596]
  0x000001c031d6e890 ConcurrentGCThread "G1 Service" [stack: 0x0000003b04000000,0x0000003b04100000] [id=16588]

Threads with active compile tasks:

VM state: not at safepoint (normal execution)

VM Mutex/Monitor currently owned by a thread:  ([mutex/lock_event])
[0x000001c031c9d000] Metaspace_lock - owner thread: 0x000001c0502b0f80

Heap address: 0x000000070a200000, size: 3934 MB, Compressed Oops mode: Zero based, Oop shift amount: 3

CDS archive(s) mapped at: [0x0000000800000000-0x0000000800c40000-0x0000000800c40000), size 12845056, SharedBaseAddress: 0x0000000800000000, ArchiveRelocationMode: 0.
Compressed class space mapped at: 0x0000000801000000-0x0000000841000000, reserved size: 1073741824
Narrow klass base: 0x0000000800000000, Narrow klass shift: 0, Narrow klass range: 0x100000000

GC Precious Log:
 CardTable entry size: 512
 Card Set container configuration: InlinePtr #cards 4 size 8 Array Of Cards #cards 16 size 48 Howl #buckets 8 coarsen threshold 3686 Howl Bitmap #cards 512 size 80 coarsen threshold 460 Card regions per heap region 1 cards per card region 4096
 CPUs: 16 total, 16 available
 Memory: 15732M
 Large Page Support: Disabled
 NUMA Support: Disabled
 Compressed Oops: Enabled (Zero based)
 Heap Region Size: 2M
 Heap Min Capacity: 8M
 Heap Initial Capacity: 246M
 Heap Max Capacity: 3934M
 Pre-touch: Disabled
 Parallel Workers: 13
 Concurrent Workers: 3
 Concurrent Refinement Workers: 13
 Periodic GC: Disabled

Heap:
 garbage-first heap   total 251904K, used 19399K [0x000000070a200000, 0x0000000800000000)
  region size 2048K, 10 young (20480K), 2 survivors (4096K)
 Metaspace       used 17350K, committed 17600K, reserved 1114112K
  class space    used 2352K, committed 2496K, reserved 1048576K

Heap Regions: E=young(eden), S=young(survivor), O=old, HS=humongous(starts), HC=humongous(continues), CS=collection set, F=free, OA=open archive, CA=closed archive, TAMS=top-at-mark-start (previous, next)
|   0|0x000000070a200000, 0x000000070a400000, 0x000000070a400000|100%| O|  |TAMS 0x000000070a200000, 0x000000070a200000| Untracked 
|   1|0x000000070a400000, 0x000000070a600000, 0x000000070a600000|100%| O|  |TAMS 0x000000070a400000, 0x000000070a400000| Untracked 
|   2|0x000000070a600000, 0x000000070a6bb000, 0x000000070a800000| 36%| O|  |TAMS 0x000000070a600000, 0x000000070a600000| Untracked 
|   3|0x000000070a800000, 0x000000070a800000, 0x000000070aa00000|  0%| F|  |TAMS 0x000000070a800000, 0x000000070a800000| Untracked 
|   4|0x000000070aa00000, 0x000000070aa00000, 0x000000070ac00000|  0%| F|  |TAMS 0x000000070aa00000, 0x000000070aa00000| Untracked 
|   5|0x000000070ac00000, 0x000000070ac00000, 0x000000070ae00000|  0%| F|  |TAMS 0x000000070ac00000, 0x000000070ac00000| Untracked 
|   6|0x000000070ae00000, 0x000000070ae00000, 0x000000070b000000|  0%| F|  |TAMS 0x000000070ae00000, 0x000000070ae00000| Untracked 
|   7|0x000000070b000000, 0x000000070b000000, 0x000000070b200000|  0%| F|  |TAMS 0x000000070b000000, 0x000000070b000000| Untracked 
|   8|0x000000070b200000, 0x000000070b200000, 0x000000070b400000|  0%| F|  |TAMS 0x000000070b200000, 0x000000070b200000| Untracked 
|   9|0x000000070b400000, 0x000000070b400000, 0x000000070b600000|  0%| F|  |TAMS 0x000000070b400000, 0x000000070b400000| Untracked 
|  10|0x000000070b600000, 0x000000070b600000, 0x000000070b800000|  0%| F|  |TAMS 0x000000070b600000, 0x000000070b600000| Untracked 
|  11|0x000000070b800000, 0x000000070b800000, 0x000000070ba00000|  0%| F|  |TAMS 0x000000070b800000, 0x000000070b800000| Untracked 
|  12|0x000000070ba00000, 0x000000070ba00000, 0x000000070bc00000|  0%| F|  |TAMS 0x000000070ba00000, 0x000000070ba00000| Untracked 
|  13|0x000000070bc00000, 0x000000070bc00000, 0x000000070be00000|  0%| F|  |TAMS 0x000000070bc00000, 0x000000070bc00000| Untracked 
|  14|0x000000070be00000, 0x000000070be00000, 0x000000070c000000|  0%| F|  |TAMS 0x000000070be00000, 0x000000070be00000| Untracked 
|  15|0x000000070c000000, 0x000000070c000000, 0x000000070c200000|  0%| F|  |TAMS 0x000000070c000000, 0x000000070c000000| Untracked 
|  16|0x000000070c200000, 0x000000070c200000, 0x000000070c400000|  0%| F|  |TAMS 0x000000070c200000, 0x000000070c200000| Untracked 
|  17|0x000000070c400000, 0x000000070c400000, 0x000000070c600000|  0%| F|  |TAMS 0x000000070c400000, 0x000000070c400000| Untracked 
|  18|0x000000070c600000, 0x000000070c600000, 0x000000070c800000|  0%| F|  |TAMS 0x000000070c600000, 0x000000070c600000| Untracked 
|  19|0x000000070c800000, 0x000000070c800000, 0x000000070ca00000|  0%| F|  |TAMS 0x000000070c800000, 0x000000070c800000| Untracked 
|  20|0x000000070ca00000, 0x000000070ca00000, 0x000000070cc00000|  0%| F|  |TAMS 0x000000070ca00000, 0x000000070ca00000| Untracked 
|  21|0x000000070cc00000, 0x000000070cc00000, 0x000000070ce00000|  0%| F|  |TAMS 0x000000070cc00000, 0x000000070cc00000| Untracked 
|  22|0x000000070ce00000, 0x000000070ce00000, 0x000000070d000000|  0%| F|  |TAMS 0x000000070ce00000, 0x000000070ce00000| Untracked 
|  23|0x000000070d000000, 0x000000070d000000, 0x000000070d200000|  0%| F|  |TAMS 0x000000070d000000, 0x000000070d000000| Untracked 
|  24|0x000000070d200000, 0x000000070d200000, 0x000000070d400000|  0%| F|  |TAMS 0x000000070d200000, 0x000000070d200000| Untracked 
|  25|0x000000070d400000, 0x000000070d400000, 0x000000070d600000|  0%| F|  |TAMS 0x000000070d400000, 0x000000070d400000| Untracked 
|  26|0x000000070d600000, 0x000000070d600000, 0x000000070d800000|  0%| F|  |TAMS 0x000000070d600000, 0x000000070d600000| Untracked 
|  27|0x000000070d800000, 0x000000070d800000, 0x000000070da00000|  0%| F|  |TAMS 0x000000070d800000, 0x000000070d800000| Untracked 
|  28|0x000000070da00000, 0x000000070da00000, 0x000000070dc00000|  0%| F|  |TAMS 0x000000070da00000, 0x000000070da00000| Untracked 
|  29|0x000000070dc00000, 0x000000070dc00000, 0x000000070de00000|  0%| F|  |TAMS 0x000000070dc00000, 0x000000070dc00000| Untracked 
|  30|0x000000070de00000, 0x000000070de00000, 0x000000070e000000|  0%| F|  |TAMS 0x000000070de00000, 0x000000070de00000| Untracked 
|  31|0x000000070e000000, 0x000000070e000000, 0x000000070e200000|  0%| F|  |TAMS 0x000000070e000000, 0x000000070e000000| Untracked 
|  32|0x000000070e200000, 0x000000070e200000, 0x000000070e400000|  0%| F|  |TAMS 0x000000070e200000, 0x000000070e200000| Untracked 
|  33|0x000000070e400000, 0x000000070e400000, 0x000000070e600000|  0%| F|  |TAMS 0x000000070e400000, 0x000000070e400000| Untracked 
|  34|0x000000070e600000, 0x000000070e600000, 0x000000070e800000|  0%| F|  |TAMS 0x000000070e600000, 0x000000070e600000| Untracked 
|  35|0x000000070e800000, 0x000000070e800000, 0x000000070ea00000|  0%| F|  |TAMS 0x000000070e800000, 0x000000070e800000| Untracked 
|  36|0x000000070ea00000, 0x000000070ea00000, 0x000000070ec00000|  0%| F|  |TAMS 0x000000070ea00000, 0x000000070ea00000| Untracked 
|  37|0x000000070ec00000, 0x000000070ec00000, 0x000000070ee00000|  0%| F|  |TAMS 0x000000070ec00000, 0x000000070ec00000| Untracked 
|  38|0x000000070ee00000, 0x000000070ee00000, 0x000000070f000000|  0%| F|  |TAMS 0x000000070ee00000, 0x000000070ee00000| Untracked 
|  39|0x000000070f000000, 0x000000070f000000, 0x000000070f200000|  0%| F|  |TAMS 0x000000070f000000, 0x000000070f000000| Untracked 
|  40|0x000000070f200000, 0x000000070f200000, 0x000000070f400000|  0%| F|  |TAMS 0x000000070f200000, 0x000000070f200000| Untracked 
|  41|0x000000070f400000, 0x000000070f400000, 0x000000070f600000|  0%| F|  |TAMS 0x000000070f400000, 0x000000070f400000| Untracked 
|  42|0x000000070f600000, 0x000000070f600000, 0x000000070f800000|  0%| F|  |TAMS 0x000000070f600000, 0x000000070f600000| Untracked 
|  43|0x000000070f800000, 0x000000070f800000, 0x000000070fa00000|  0%| F|  |TAMS 0x000000070f800000, 0x000000070f800000| Untracked 
|  44|0x000000070fa00000, 0x000000070fa00000, 0x000000070fc00000|  0%| F|  |TAMS 0x000000070fa00000, 0x000000070fa00000| Untracked 
|  45|0x000000070fc00000, 0x000000070fc00000, 0x000000070fe00000|  0%| F|  |TAMS 0x000000070fc00000, 0x000000070fc00000| Untracked 
|  46|0x000000070fe00000, 0x000000070fe00000, 0x0000000710000000|  0%| F|  |TAMS 0x000000070fe00000, 0x000000070fe00000| Untracked 
|  47|0x0000000710000000, 0x0000000710000000, 0x0000000710200000|  0%| F|  |TAMS 0x0000000710000000, 0x0000000710000000| Untracked 
|  48|0x0000000710200000, 0x0000000710200000, 0x0000000710400000|  0%| F|  |TAMS 0x0000000710200000, 0x0000000710200000| Untracked 
|  49|0x0000000710400000, 0x0000000710400000, 0x0000000710600000|  0%| F|  |TAMS 0x0000000710400000, 0x0000000710400000| Untracked 
|  50|0x0000000710600000, 0x0000000710600000, 0x0000000710800000|  0%| F|  |TAMS 0x0000000710600000, 0x0000000710600000| Untracked 
|  51|0x0000000710800000, 0x0000000710800000, 0x0000000710a00000|  0%| F|  |TAMS 0x0000000710800000, 0x0000000710800000| Untracked 
|  52|0x0000000710a00000, 0x0000000710a00000, 0x0000000710c00000|  0%| F|  |TAMS 0x0000000710a00000, 0x0000000710a00000| Untracked 
|  53|0x0000000710c00000, 0x0000000710c00000, 0x0000000710e00000|  0%| F|  |TAMS 0x0000000710c00000, 0x0000000710c00000| Untracked 
|  54|0x0000000710e00000, 0x0000000710e00000, 0x0000000711000000|  0%| F|  |TAMS 0x0000000710e00000, 0x0000000710e00000| Untracked 
|  55|0x0000000711000000, 0x0000000711000000, 0x0000000711200000|  0%| F|  |TAMS 0x0000000711000000, 0x0000000711000000| Untracked 
|  56|0x0000000711200000, 0x0000000711200000, 0x0000000711400000|  0%| F|  |TAMS 0x0000000711200000, 0x0000000711200000| Untracked 
|  57|0x0000000711400000, 0x0000000711400000, 0x0000000711600000|  0%| F|  |TAMS 0x0000000711400000, 0x0000000711400000| Untracked 
|  58|0x0000000711600000, 0x0000000711600000, 0x0000000711800000|  0%| F|  |TAMS 0x0000000711600000, 0x0000000711600000| Untracked 
|  59|0x0000000711800000, 0x0000000711800000, 0x0000000711a00000|  0%| F|  |TAMS 0x0000000711800000, 0x0000000711800000| Untracked 
|  60|0x0000000711a00000, 0x0000000711a00000, 0x0000000711c00000|  0%| F|  |TAMS 0x0000000711a00000, 0x0000000711a00000| Untracked 
|  61|0x0000000711c00000, 0x0000000711c00000, 0x0000000711e00000|  0%| F|  |TAMS 0x0000000711c00000, 0x0000000711c00000| Untracked 
|  62|0x0000000711e00000, 0x0000000711e00000, 0x0000000712000000|  0%| F|  |TAMS 0x0000000711e00000, 0x0000000711e00000| Untracked 
|  63|0x0000000712000000, 0x0000000712000000, 0x0000000712200000|  0%| F|  |TAMS 0x0000000712000000, 0x0000000712000000| Untracked 
|  64|0x0000000712200000, 0x0000000712200000, 0x0000000712400000|  0%| F|  |TAMS 0x0000000712200000, 0x0000000712200000| Untracked 
|  65|0x0000000712400000, 0x0000000712400000, 0x0000000712600000|  0%| F|  |TAMS 0x0000000712400000, 0x0000000712400000| Untracked 
|  66|0x0000000712600000, 0x0000000712600000, 0x0000000712800000|  0%| F|  |TAMS 0x0000000712600000, 0x0000000712600000| Untracked 
|  67|0x0000000712800000, 0x0000000712800000, 0x0000000712a00000|  0%| F|  |TAMS 0x0000000712800000, 0x0000000712800000| Untracked 
|  68|0x0000000712a00000, 0x0000000712a00000, 0x0000000712c00000|  0%| F|  |TAMS 0x0000000712a00000, 0x0000000712a00000| Untracked 
|  69|0x0000000712c00000, 0x0000000712c00000, 0x0000000712e00000|  0%| F|  |TAMS 0x0000000712c00000, 0x0000000712c00000| Untracked 
|  70|0x0000000712e00000, 0x0000000712e00000, 0x0000000713000000|  0%| F|  |TAMS 0x0000000712e00000, 0x0000000712e00000| Untracked 
|  71|0x0000000713000000, 0x0000000713000000, 0x0000000713200000|  0%| F|  |TAMS 0x0000000713000000, 0x0000000713000000| Untracked 
|  72|0x0000000713200000, 0x0000000713200000, 0x0000000713400000|  0%| F|  |TAMS 0x0000000713200000, 0x0000000713200000| Untracked 
|  73|0x0000000713400000, 0x0000000713400000, 0x0000000713600000|  0%| F|  |TAMS 0x0000000713400000, 0x0000000713400000| Untracked 
|  74|0x0000000713600000, 0x0000000713600000, 0x0000000713800000|  0%| F|  |TAMS 0x0000000713600000, 0x0000000713600000| Untracked 
|  75|0x0000000713800000, 0x0000000713800000, 0x0000000713a00000|  0%| F|  |TAMS 0x0000000713800000, 0x0000000713800000| Untracked 
|  76|0x0000000713a00000, 0x0000000713a00000, 0x0000000713c00000|  0%| F|  |TAMS 0x0000000713a00000, 0x0000000713a00000| Untracked 
|  77|0x0000000713c00000, 0x0000000713c00000, 0x0000000713e00000|  0%| F|  |TAMS 0x0000000713c00000, 0x0000000713c00000| Untracked 
|  78|0x0000000713e00000, 0x0000000713e00000, 0x0000000714000000|  0%| F|  |TAMS 0x0000000713e00000, 0x0000000713e00000| Untracked 
|  79|0x0000000714000000, 0x0000000714000000, 0x0000000714200000|  0%| F|  |TAMS 0x0000000714000000, 0x0000000714000000| Untracked 
|  80|0x0000000714200000, 0x0000000714200000, 0x0000000714400000|  0%| F|  |TAMS 0x0000000714200000, 0x0000000714200000| Untracked 
|  81|0x0000000714400000, 0x0000000714400000, 0x0000000714600000|  0%| F|  |TAMS 0x0000000714400000, 0x0000000714400000| Untracked 
|  82|0x0000000714600000, 0x0000000714600000, 0x0000000714800000|  0%| F|  |TAMS 0x0000000714600000, 0x0000000714600000| Untracked 
|  83|0x0000000714800000, 0x0000000714800000, 0x0000000714a00000|  0%| F|  |TAMS 0x0000000714800000, 0x0000000714800000| Untracked 
|  84|0x0000000714a00000, 0x0000000714a00000, 0x0000000714c00000|  0%| F|  |TAMS 0x0000000714a00000, 0x0000000714a00000| Untracked 
|  85|0x0000000714c00000, 0x0000000714c00000, 0x0000000714e00000|  0%| F|  |TAMS 0x0000000714c00000, 0x0000000714c00000| Untracked 
|  86|0x0000000714e00000, 0x0000000714e00000, 0x0000000715000000|  0%| F|  |TAMS 0x0000000714e00000, 0x0000000714e00000| Untracked 
|  87|0x0000000715000000, 0x0000000715000000, 0x0000000715200000|  0%| F|  |TAMS 0x0000000715000000, 0x0000000715000000| Untracked 
|  88|0x0000000715200000, 0x0000000715200000, 0x0000000715400000|  0%| F|  |TAMS 0x0000000715200000, 0x0000000715200000| Untracked 
|  89|0x0000000715400000, 0x0000000715400000, 0x0000000715600000|  0%| F|  |TAMS 0x0000000715400000, 0x0000000715400000| Untracked 
|  90|0x0000000715600000, 0x0000000715600000, 0x0000000715800000|  0%| F|  |TAMS 0x0000000715600000, 0x0000000715600000| Untracked 
|  91|0x0000000715800000, 0x0000000715800000, 0x0000000715a00000|  0%| F|  |TAMS 0x0000000715800000, 0x0000000715800000| Untracked 
|  92|0x0000000715a00000, 0x0000000715a00000, 0x0000000715c00000|  0%| F|  |TAMS 0x0000000715a00000, 0x0000000715a00000| Untracked 
|  93|0x0000000715c00000, 0x0000000715c00000, 0x0000000715e00000|  0%| F|  |TAMS 0x0000000715c00000, 0x0000000715c00000| Untracked 
|  94|0x0000000715e00000, 0x0000000715e00000, 0x0000000716000000|  0%| F|  |TAMS 0x0000000715e00000, 0x0000000715e00000| Untracked 
|  95|0x0000000716000000, 0x0000000716000000, 0x0000000716200000|  0%| F|  |TAMS 0x0000000716000000, 0x0000000716000000| Untracked 
|  96|0x0000000716200000, 0x0000000716200000, 0x0000000716400000|  0%| F|  |TAMS 0x0000000716200000, 0x0000000716200000| Untracked 
|  97|0x0000000716400000, 0x0000000716400000, 0x0000000716600000|  0%| F|  |TAMS 0x0000000716400000, 0x0000000716400000| Untracked 
|  98|0x0000000716600000, 0x0000000716600000, 0x0000000716800000|  0%| F|  |TAMS 0x0000000716600000, 0x0000000716600000| Untracked 
|  99|0x0000000716800000, 0x0000000716800000, 0x0000000716a00000|  0%| F|  |TAMS 0x0000000716800000, 0x0000000716800000| Untracked 
| 100|0x0000000716a00000, 0x0000000716a00000, 0x0000000716c00000|  0%| F|  |TAMS 0x0000000716a00000, 0x0000000716a00000| Untracked 
| 101|0x0000000716c00000, 0x0000000716c00000, 0x0000000716e00000|  0%| F|  |TAMS 0x0000000716c00000, 0x0000000716c00000| Untracked 
| 102|0x0000000716e00000, 0x0000000716e00000, 0x0000000717000000|  0%| F|  |TAMS 0x0000000716e00000, 0x0000000716e00000| Untracked 
| 103|0x0000000717000000, 0x0000000717000000, 0x0000000717200000|  0%| F|  |TAMS 0x0000000717000000, 0x0000000717000000| Untracked 
| 104|0x0000000717200000, 0x0000000717236c00, 0x0000000717400000| 10%| S|CS|TAMS 0x0000000717200000, 0x0000000717200000| Complete 
| 105|0x0000000717400000, 0x0000000717600000, 0x0000000717600000|100%| S|CS|TAMS 0x0000000717400000, 0x0000000717400000| Complete 
| 106|0x0000000717600000, 0x0000000717600000, 0x0000000717800000|  0%| F|  |TAMS 0x0000000717600000, 0x0000000717600000| Untracked 
| 107|0x0000000717800000, 0x0000000717800000, 0x0000000717a00000|  0%| F|  |TAMS 0x0000000717800000, 0x0000000717800000| Untracked 
| 108|0x0000000717a00000, 0x0000000717a00000, 0x0000000717c00000|  0%| F|  |TAMS 0x0000000717a00000, 0x0000000717a00000| Untracked 
| 109|0x0000000717c00000, 0x0000000717c00000, 0x0000000717e00000|  0%| F|  |TAMS 0x0000000717c00000, 0x0000000717c00000| Untracked 
| 110|0x0000000717e00000, 0x0000000717e00000, 0x0000000718000000|  0%| F|  |TAMS 0x0000000717e00000, 0x0000000717e00000| Untracked 
| 111|0x0000000718000000, 0x0000000718000000, 0x0000000718200000|  0%| F|  |TAMS 0x0000000718000000, 0x0000000718000000| Untracked 
| 112|0x0000000718200000, 0x0000000718200000, 0x0000000718400000|  0%| F|  |TAMS 0x0000000718200000, 0x0000000718200000| Untracked 
| 113|0x0000000718400000, 0x0000000718400000, 0x0000000718600000|  0%| F|  |TAMS 0x0000000718400000, 0x0000000718400000| Untracked 
| 114|0x0000000718600000, 0x0000000718600000, 0x0000000718800000|  0%| F|  |TAMS 0x0000000718600000, 0x0000000718600000| Untracked 
| 115|0x0000000718800000, 0x0000000718898fa8, 0x0000000718a00000| 29%| E|  |TAMS 0x0000000718800000, 0x0000000718800000| Complete 
| 116|0x0000000718a00000, 0x0000000718c00000, 0x0000000718c00000|100%| E|  |TAMS 0x0000000718a00000, 0x0000000718a00000| Complete 
| 117|0x0000000718c00000, 0x0000000718e00000, 0x0000000718e00000|100%| E|CS|TAMS 0x0000000718c00000, 0x0000000718c00000| Complete 
| 118|0x0000000718e00000, 0x0000000719000000, 0x0000000719000000|100%| E|CS|TAMS 0x0000000718e00000, 0x0000000718e00000| Complete 
| 119|0x0000000719000000, 0x0000000719200000, 0x0000000719200000|100%| E|CS|TAMS 0x0000000719000000, 0x0000000719000000| Complete 
| 120|0x0000000719200000, 0x0000000719400000, 0x0000000719400000|100%| E|CS|TAMS 0x0000000719200000, 0x0000000719200000| Complete 
| 121|0x0000000719400000, 0x0000000719600000, 0x0000000719600000|100%| E|CS|TAMS 0x0000000719400000, 0x0000000719400000| Complete 
| 122|0x0000000719600000, 0x0000000719800000, 0x0000000719800000|100%| E|CS|TAMS 0x0000000719600000, 0x0000000719600000| Complete 

Card table byte_map: [0x000001c03f9e0000,0x000001c040190000] _byte_map_base: 0x000001c03c18f000

Marking Bits (Prev, Next): (CMBitMap*) 0x000001c031d24430, (CMBitMap*) 0x000001c031d24470
 Prev Bits: [0x000001c040940000, 0x000001c0446b8000)
 Next Bits: [0x000001c0446c0000, 0x000001c048438000)

Polling page: 0x000001c03b3b0000

Metaspace:

Usage:
  Non-class:     14.65 MB used.
      Class:      2.30 MB used.
       Both:     16.94 MB used.

Virtual space:
  Non-class space:       64.00 MB reserved,      14.75 MB ( 23%) committed,  1 nodes.
      Class space:        1.00 GB reserved,       2.44 MB ( <1%) committed,  1 nodes.
             Both:        1.06 GB reserved,      17.19 MB (  2%) committed. 

Chunk freelists:
   Non-Class:  880.00 KB
       Class:  1.50 MB
        Both:  2.36 MB

MaxMetaspaceSize: unlimited
CompressedClassSpaceSize: 1.00 GB
Initial GC threshold: 21.00 MB
Current GC threshold: 21.00 MB
CDS: on
MetaspaceReclaimPolicy: balanced
 - commit_granule_bytes: 65536.
 - commit_granule_words: 8192.
 - virtual_space_node_default_size: 8388608.
 - enlarge_chunks_in_place: 1.
 - new_chunks_are_fully_committed: 0.
 - uncommit_free_chunks: 1.
 - use_allocation_guard: 0.


Internal statistics:

num_allocs_failed_limit: 0.
num_arena_births: 298.
num_arena_deaths: 0.
num_vsnodes_births: 2.
num_vsnodes_deaths: 0.
num_space_committed: 275.
num_space_uncommitted: 0.
num_chunks_returned_to_freelist: 0.
num_chunks_taken_from_freelist: 751.
num_chunk_merges: 0.
num_chunk_splits: 538.
num_chunks_enlarged: 430.
num_inconsistent_stats: 0.

CodeCache: size=49152Kb used=6403Kb max_used=6403Kb free=42748Kb
 bounds [0x000001c03b3d0000, 0x000001c03ba20000, 0x000001c03e3d0000]
 total_blobs=2819 nmethods=2322 adapters=419
 compilation: enabled
              stopped_count=0, restarted_count=0
 full_count=0

Compilation events (20 events):
Event: 0.937 Thread 0x000001c04a919320 nmethod 2311 0x000001c03ba09a10 code [0x000001c03ba09c20, 0x000001c03ba09ed8]
Event: 0.937 Thread 0x000001c04a919320 2314       1       org.springframework.util.ConcurrentReferenceHashMap$SoftEntryReference::get (8 bytes)
Event: 0.937 Thread 0x000001c04f904bb0 nmethod 2306 0x000001c03ba0a090 code [0x000001c03ba0a340, 0x000001c03ba0abb8]
Event: 0.938 Thread 0x000001c04f902010 nmethod 2309 0x000001c03ba0b110 code [0x000001c03ba0b560, 0x000001c03ba0c658]
Event: 0.938 Thread 0x000001c04f907350 nmethod 2310 0x000001c03ba0d190 code [0x000001c03ba0d400, 0x000001c03ba0dd28]
Event: 0.938 Thread 0x000001c04a919320 nmethod 2314 0x000001c03ba0e410 code [0x000001c03ba0e5a0, 0x000001c03ba0e6f8]
Event: 0.938 Thread 0x000001c04a919320 2315       1       org.springframework.util.ReflectionUtils::makeAccessible (36 bytes)
Event: 0.938 Thread 0x000001c04f902010 2316       1       org.springframework.util.ConcurrentReferenceHashMap$SoftEntryReference::getNext (5 bytes)
Event: 0.938 Thread 0x000001c04f904bb0 2317       1       org.springframework.core.annotation.AttributeMethods::isAttributeMethod (23 bytes)
Event: 0.938 Thread 0x000001c04f902010 nmethod 2316 0x000001c03ba0e790 code [0x000001c03ba0e920, 0x000001c03ba0e9f8]
Event: 0.938 Thread 0x000001c04f904bb0 nmethod 2317 0x000001c03ba0ea90 code [0x000001c03ba0ec20, 0x000001c03ba0ed18]
Event: 0.938 Thread 0x000001c04a919320 nmethod 2315 0x000001c03ba0ee10 code [0x000001c03ba0efc0, 0x000001c03ba0f138]
Event: 0.939 Thread 0x000001c04a919320 2318       1       java.util.HashMap::afterNodeAccess (1 bytes)
Event: 0.939 Thread 0x000001c04a919320 nmethod 2318 0x000001c03ba0f290 code [0x000001c03ba0f420, 0x000001c03ba0f4d8]
Event: 0.939 Thread 0x000001c04a919320 2319       1       java.lang.Class::componentType (16 bytes)
Event: 0.939 Thread 0x000001c04a919320 nmethod 2319 0x000001c03ba0f590 code [0x000001c03ba0f740, 0x000001c03ba0f868]
Event: 0.940 Thread 0x000001c04a919320 2320       1       org.springframework.core.annotation.AnnotationTypeMapping::getRoot (5 bytes)
Event: 0.940 Thread 0x000001c04a919320 nmethod 2320 0x000001c03ba0f910 code [0x000001c03ba0faa0, 0x000001c03ba0fb78]
Event: 0.940 Thread 0x000001c04a919320 2321       1       java.lang.reflect.Proxy::isProxyClass (22 bytes)
Event: 0.940 Thread 0x000001c04f902010 2322       1       java.lang.reflect.Proxy$ProxyBuilder::isProxyClass (21 bytes)

GC Heap History (4 events):
Event: 0.479 GC heap before
{Heap before GC invocations=0 (full 0):
 garbage-first heap   total 251904K, used 22528K [0x000000070a200000, 0x0000000800000000)
  region size 2048K, 11 young (22528K), 0 survivors (0K)
 Metaspace       used 7458K, committed 7680K, reserved 1114112K
  class space    used 901K, committed 1024K, reserved 1048576K
}
Event: 0.482 GC heap after
{Heap after GC invocations=1 (full 0):
 garbage-first heap   total 251904K, used 4878K [0x000000070a200000, 0x0000000800000000)
  region size 2048K, 2 young (4096K), 2 survivors (4096K)
 Metaspace       used 7458K, committed 7680K, reserved 1114112K
  class space    used 901K, committed 1024K, reserved 1048576K
}
Event: 0.837 GC heap before
{Heap before GC invocations=1 (full 0):
 garbage-first heap   total 251904K, used 35598K [0x000000070a200000, 0x0000000800000000)
  region size 2048K, 17 young (34816K), 2 survivors (4096K)
 Metaspace       used 14337K, committed 14656K, reserved 1114112K
  class space    used 1954K, committed 2112K, reserved 1048576K
}
Event: 0.841 GC heap after
{Heap after GC invocations=2 (full 0):
 garbage-first heap   total 251904K, used 7111K [0x000000070a200000, 0x0000000800000000)
  region size 2048K, 2 young (4096K), 2 survivors (4096K)
 Metaspace       used 14337K, committed 14656K, reserved 1114112K
  class space    used 1954K, committed 2112K, reserved 1048576K
}

Dll operation events (12 events):
Event: 0.005 Loaded shared library C:\Users\dlatf\.jdks\openjdk-19.0.2\bin\java.dll
Event: 0.011 Loaded shared library C:\Users\dlatf\.jdks\openjdk-19.0.2\bin\jsvml.dll
Event: 0.063 Loaded shared library C:\Users\dlatf\.jdks\openjdk-19.0.2\bin\zip.dll
Event: 0.065 Loaded shared library C:\Users\dlatf\.jdks\openjdk-19.0.2\bin\instrument.dll
Event: 0.068 Loaded shared library C:\Users\dlatf\.jdks\openjdk-19.0.2\bin\net.dll
Event: 0.069 Loaded shared library C:\Users\dlatf\.jdks\openjdk-19.0.2\bin\nio.dll
Event: 0.071 Loaded shared library C:\Users\dlatf\.jdks\openjdk-19.0.2\bin\zip.dll
Event: 0.107 Loaded shared library D:\IntelliJ IDEA 2024.1\bin\breakgen64.dll
Event: 0.113 Loaded shared library C:\Users\dlatf\.jdks\openjdk-19.0.2\bin\jimage.dll
Event: 0.117 Loaded shared library C:\Users\dlatf\.jdks\openjdk-19.0.2\bin\extnet.dll
Event: 0.132 Loaded shared library C:\Users\dlatf\.jdks\openjdk-19.0.2\bin\management.dll
Event: 0.140 Loaded shared library C:\Users\dlatf\.jdks\openjdk-19.0.2\bin\management_ext.dll

Deoptimization events (6 events):
Event: 0.222 Thread 0x000001c031cb0290 DEOPT PACKING pc=0x000001c03b790bd5 sp=0x0000003b03bfd150
Event: 0.222 Thread 0x000001c031cb0290 DEOPT UNPACKING pc=0x000001c03b437543 sp=0x0000003b03bfc600 mode 3
Event: 0.225 Thread 0x000001c031cb0290 DEOPT PACKING pc=0x000001c03b7a5250 sp=0x0000003b03bfd120
Event: 0.225 Thread 0x000001c031cb0290 DEOPT UNPACKING pc=0x000001c03b437543 sp=0x0000003b03bfc5d8 mode 3
Event: 0.819 Thread 0x000001c031cb0290 DEOPT PACKING pc=0x000001c03b9b0019 sp=0x0000003b03bfd3d0
Event: 0.819 Thread 0x000001c031cb0290 DEOPT UNPACKING pc=0x000001c03b437543 sp=0x0000003b03bfc8b0 mode 3

Classes loaded (20 events):
Event: 0.924 Loading class jdk/xml/internal/JdkProperty$State
Event: 0.924 Loading class jdk/xml/internal/JdkProperty$State done
Event: 0.924 Loading class com/sun/org/apache/xalan/internal/utils/XMLSecurityPropertyManager
Event: 0.924 Loading class com/sun/org/apache/xalan/internal/utils/FeaturePropertyBase
Event: 0.924 Loading class com/sun/org/apache/xalan/internal/utils/FeaturePropertyBase done
Event: 0.924 Loading class com/sun/org/apache/xalan/internal/utils/XMLSecurityPropertyManager done
Event: 0.924 Loading class com/sun/org/apache/xalan/internal/utils/FeaturePropertyBase$State
Event: 0.924 Loading class com/sun/org/apache/xalan/internal/utils/FeaturePropertyBase$State done
Event: 0.924 Loading class com/sun/org/apache/xalan/internal/utils/XMLSecurityPropertyManager$Property
Event: 0.924 Loading class com/sun/org/apache/xalan/internal/utils/XMLSecurityPropertyManager$Property done
Event: 0.924 Loading class jdk/xml/internal/XMLSecurityManager
Event: 0.924 Loading class jdk/xml/internal/XMLSecurityManager done
Event: 0.924 Loading class jdk/xml/internal/XMLSecurityManager$Limit
Event: 0.924 Loading class jdk/xml/internal/XMLSecurityManager$Limit done
Event: 0.924 Loading class jdk/xml/internal/XMLSecurityManager$Processor
Event: 0.924 Loading class jdk/xml/internal/XMLSecurityManager$Processor done
Event: 0.924 Loading class jdk/xml/internal/XMLSecurityManager$NameMap
Event: 0.924 Loading class jdk/xml/internal/XMLSecurityManager$NameMap done
Event: 0.924 Loading class jdk/xml/internal/JdkProperty
Event: 0.924 Loading class jdk/xml/internal/JdkProperty done

Classes unloaded (0 events):
No events

Classes redefined (0 events):
No events

Internal exceptions (20 events):
Event: 0.595 Thread 0x000001c031cb0290 Exception <a 'java/lang/NoSuchMethodError'{0x00000007191ee1b8}: 'java.lang.Object java.lang.invoke.DirectMethodHandle$Holder.invokeSpecial(java.lang.Object, java.lang.Object, java.lang.Object, java.lang.Object, java.lang.Object, java.lang.Object, java.lang.Object, int)'> (0x00000007191ee1b8) 
thrown [s\open\src\hotspot\share\interpreter\linkResolver.cpp, line 774]
Event: 0.618 Thread 0x000001c031cb0290 Exception <a 'java/lang/NoSuchMethodError'{0x0000000718f30888}: 'void java.lang.invoke.DirectMethodHandle$Holder.invokeSpecial(java.lang.Object, java.lang.Object, java.lang.Object, java.lang.Object, java.lang.Object)'> (0x0000000718f30888) 
thrown [s\open\src\hotspot\share\interpreter\linkResolver.cpp, line 774]
Event: 0.655 Thread 0x000001c031cb0290 Exception <a 'java/lang/NoSuchMethodError'{0x0000000718d87308}: 'void java.lang.invoke.DirectMethodHandle$Holder.invokeSpecial(java.lang.Object, java.lang.Object, java.lang.Object, java.lang.Object, java.lang.Object, java.lang.Object)'> (0x0000000718d87308) 
thrown [s\open\src\hotspot\share\interpreter\linkResolver.cpp, line 774]
Event: 0.665 Thread 0x000001c031cb0290 Exception <a 'java/lang/NoSuchMethodError'{0x0000000718a1bff8}: 'java.lang.Object java.lang.invoke.DirectMethodHandle$Holder.invokeSpecial(java.lang.Object, java.lang.Object, java.lang.Object, int, java.lang.Object)'> (0x0000000718a1bff8) 
thrown [s\open\src\hotspot\share\interpreter\linkResolver.cpp, line 774]
Event: 0.665 Thread 0x000001c031cb0290 Exception <a 'java/lang/NoSuchMethodError'{0x0000000718a24668}: 'java.lang.Object java.lang.invoke.DirectMethodHandle$Holder.newInvokeSpecial(java.lang.Object, java.lang.Object, java.lang.Object, int, java.lang.Object)'> (0x0000000718a24668) 
thrown [s\open\src\hotspot\share\interpreter\linkResolver.cpp, line 774]
Event: 0.665 Thread 0x000001c031cb0290 Exception <a 'java/lang/NoSuchMethodError'{0x0000000718a2c058}: 'java.lang.Object java.lang.invoke.Invokers$Holder.linkToTargetMethod(java.lang.Object, java.lang.Object, int, java.lang.Object, java.lang.Object)'> (0x0000000718a2c058) 
thrown [s\open\src\hotspot\share\interpreter\linkResolver.cpp, line 774]
Event: 0.666 Thread 0x000001c031cb0290 Exception <a 'java/lang/NoSuchMethodError'{0x0000000718a3a6b8}: 'java.lang.Object java.lang.invoke.DirectMethodHandle$Holder.newInvokeSpecial(java.lang.Object, int, java.lang.Object)'> (0x0000000718a3a6b8) 
thrown [s\open\src\hotspot\share\interpreter\linkResolver.cpp, line 774]
Event: 0.666 Thread 0x000001c031cb0290 Exception <a 'java/lang/NoSuchMethodError'{0x0000000718a3f0f0}: 'int java.lang.invoke.DirectMethodHandle$Holder.invokeSpecialIFC(java.lang.Object, java.lang.Object, java.lang.Object, java.lang.Object)'> (0x0000000718a3f0f0) 
thrown [s\open\src\hotspot\share\interpreter\linkResolver.cpp, line 774]
Event: 0.679 Thread 0x000001c031cb0290 Exception <a 'java/lang/NoSuchMethodError'{0x0000000718b10c30}: 'void java.lang.invoke.DirectMethodHandle$Holder.invokeInterface(java.lang.Object, java.lang.Object, java.lang.Object)'> (0x0000000718b10c30) 
thrown [s\open\src\hotspot\share\interpreter\linkResolver.cpp, line 774]
Event: 0.691 Thread 0x000001c031cb0290 Exception <a 'java/lang/NoSuchMethodError'{0x0000000718b8bec8}: 'java.lang.Object java.lang.invoke.DirectMethodHandle$Holder.invokeVirtual(java.lang.Object, java.lang.Object, java.lang.Object)'> (0x0000000718b8bec8) 
thrown [s\open\src\hotspot\share\interpreter\linkResolver.cpp, line 774]
Event: 0.704 Thread 0x000001c031cb0290 Exception <a 'java/lang/NoSuchMethodError'{0x0000000718864828}: 'void java.lang.invoke.DirectMethodHandle$Holder.invokeStatic(java.lang.Object, java.lang.Object, int)'> (0x0000000718864828) 
thrown [s\open\src\hotspot\share\interpreter\linkResolver.cpp, line 774]
Event: 0.707 Thread 0x000001c031cb0290 Exception <a 'java/lang/NoSuchMethodError'{0x00000007188794f8}: 'void java.lang.invoke.DirectMethodHandle$Holder.invokeStaticInit(java.lang.Object, java.lang.Object, java.lang.Object)'> (0x00000007188794f8) 
thrown [s\open\src\hotspot\share\interpreter\linkResolver.cpp, line 774]
Event: 0.711 Thread 0x000001c031cb0290 Exception <a 'java/lang/NoSuchMethodError'{0x00000007188cab70}: 'java.lang.Object java.lang.invoke.DirectMethodHandle$Holder.invokeStatic(java.lang.Object, long, java.lang.Object)'> (0x00000007188cab70) 
thrown [s\open\src\hotspot\share\interpreter\linkResolver.cpp, line 774]
Event: 0.711 Thread 0x000001c031cb0290 Exception <a 'java/lang/NoSuchMethodError'{0x00000007188ce470}: 'java.lang.Object java.lang.invoke.DirectMethodHandle$Holder.invokeStaticInit(java.lang.Object, long, java.lang.Object)'> (0x00000007188ce470) 
thrown [s\open\src\hotspot\share\interpreter\linkResolver.cpp, line 774]
Event: 0.712 Thread 0x000001c031cb0290 Exception <a 'java/lang/NoSuchMethodError'{0x00000007188d4468}: 'java.lang.Object java.lang.invoke.DirectMethodHandle$Holder.newInvokeSpecial(java.lang.Object, long)'> (0x00000007188d4468) 
thrown [s\open\src\hotspot\share\interpreter\linkResolver.cpp, line 774]
Event: 0.720 Thread 0x000001c031cb0290 Exception <a 'java/lang/NoSuchMethodError'{0x0000000718930470}: 'void java.lang.invoke.DirectMethodHandle$Holder.invokeVirtual(java.lang.Object, java.lang.Object, java.lang.Object, java.lang.Object)'> (0x0000000718930470) 
thrown [s\open\src\hotspot\share\interpreter\linkResolver.cpp, line 774]
Event: 0.745 Thread 0x000001c031cb0290 Exception <a 'java/lang/IncompatibleClassChangeError'{0x0000000718697848}: Found class java.lang.Object, but interface was expected> (0x0000000718697848) 
thrown [s\open\src\hotspot\share\interpreter\linkResolver.cpp, line 841]
Event: 0.898 Thread 0x000001c031cb0290 Exception <a 'sun/nio/fs/WindowsException'{0x00000007190d4c20}> (0x00000007190d4c20) 
thrown [s\open\src\hotspot\share\prims\jni.cpp, line 517]
Event: 0.898 Thread 0x000001c031cb0290 Exception <a 'java/lang/NoSuchMethodError'{0x00000007190d61e8}: 'int java.lang.invoke.DirectMethodHandle$Holder.invokeSpecial(java.lang.Object, java.lang.Object, java.lang.Object, java.lang.Object, java.lang.Object)'> (0x00000007190d61e8) 
thrown [s\open\src\hotspot\share\interpreter\linkResolver.cpp, line 774]
Event: 0.899 Thread 0x000001c031cb0290 Exception <a 'java/lang/NoSuchMethodError'{0x00000007190dedf0}: 'void java.lang.invoke.DirectMethodHandle$Holder.invokeVirtual(java.lang.Object, java.lang.Object)'> (0x00000007190dedf0) 
thrown [s\open\src\hotspot\share\interpreter\linkResolver.cpp, line 774]

VM Operations (20 events):
Event: 0.386 Executing VM operation: ICBufferFull
Event: 0.386 Executing VM operation: ICBufferFull done
Event: 0.479 Executing VM operation: G1CollectForAllocation
Event: 0.482 Executing VM operation: G1CollectForAllocation done
Event: 0.509 Executing VM operation: HandshakeAllThreads
Event: 0.509 Executing VM operation: HandshakeAllThreads done
Event: 0.736 Executing VM operation: HandshakeAllThreads
Event: 0.736 Executing VM operation: HandshakeAllThreads done
Event: 0.738 Executing VM operation: HandshakeAllThreads
Event: 0.739 Executing VM operation: HandshakeAllThreads done
Event: 0.741 Executing VM operation: ICBufferFull
Event: 0.741 Executing VM operation: ICBufferFull done
Event: 0.837 Executing VM operation: G1CollectForAllocation
Event: 0.837 Executing VM operation: G1CollectForAllocation done
Event: 0.837 Executing VM operation: G1CollectForAllocation
Event: 0.841 Executing VM operation: G1CollectForAllocation done
Event: 0.856 Executing VM operation: HandshakeAllThreads
Event: 0.856 Executing VM operation: HandshakeAllThreads done
Event: 0.888 Executing VM operation: HandshakeAllThreads
Event: 0.888 Executing VM operation: HandshakeAllThreads done

Events (17 events):
Event: 0.011 Thread 0x000001c031cb0290 Thread added: 0x000001c031cb0290
Event: 0.021 Thread 0x000001c04a9137a0 Thread added: 0x000001c04a9137a0
Event: 0.021 Thread 0x000001c04a914390 Thread added: 0x000001c04a914390
Event: 0.021 Thread 0x000001c04a9155c0 Thread added: 0x000001c04a9155c0
Event: 0.021 Thread 0x000001c04a916570 Thread added: 0x000001c04a916570
Event: 0.021 Thread 0x000001c04a917eb0 Thread added: 0x000001c04a917eb0
Event: 0.022 Thread 0x000001c04a9187e0 Thread added: 0x000001c04a9187e0
Event: 0.022 Thread 0x000001c04a919320 Thread added: 0x000001c04a919320
Event: 0.022 Thread 0x000001c04f808090 Thread added: 0x000001c04f808090
Event: 0.051 Thread 0x000001c04f8fc750 Thread added: 0x000001c04f8fc750
Event: 0.056 Thread 0x000001c04f902010 Thread added: 0x000001c04f902010
Event: 0.056 Thread 0x000001c04f904bb0 Thread added: 0x000001c04f904bb0
Event: 0.056 Thread 0x000001c04f907350 Thread added: 0x000001c04f907350
Event: 0.108 Thread 0x000001c04fbd3a60 Thread added: 0x000001c04fbd3a60
Event: 0.109 Thread 0x000001c04fbd3fa0 Thread added: 0x000001c04fbd3fa0
Event: 0.314 Thread 0x000001c04fdd59c0 Thread added: 0x000001c04fdd59c0
Event: 0.743 Thread 0x000001c0502b0f80 Thread added: 0x000001c0502b0f80


Dynamic libraries:
0x00007ff6e3880000 - 0x00007ff6e388e000 	C:\Users\dlatf\.jdks\openjdk-19.0.2\bin\java.exe
0x00007ffd17a30000 - 0x00007ffd17c28000 	C:\WINDOWS\SYSTEM32\ntdll.dll
0x00007ffd165a0000 - 0x00007ffd16661000 	C:\WINDOWS\System32\KERNEL32.DLL
0x00007ffd15470000 - 0x00007ffd1576d000 	C:\WINDOWS\System32\KERNELBASE.dll
0x00007ffd15770000 - 0x00007ffd15870000 	C:\WINDOWS\System32\ucrtbase.dll
0x00007ffd12610000 - 0x00007ffd12627000 	C:\Users\dlatf\.jdks\openjdk-19.0.2\bin\jli.dll
0x00007ffd0d760000 - 0x00007ffd0d77b000 	C:\Users\dlatf\.jdks\openjdk-19.0.2\bin\VCRUNTIME140.dll
0x00007ffd16d40000 - 0x00007ffd16edd000 	C:\WINDOWS\System32\USER32.dll
0x00007ffd15440000 - 0x00007ffd15462000 	C:\WINDOWS\System32\win32u.dll
0x00007ffcfd170000 - 0x00007ffcfd40a000 	C:\WINDOWS\WinSxS\amd64_microsoft.windows.common-controls_6595b64144ccf1df_6.0.19041.4355_none_60b8b9eb71f62e16\COMCTL32.dll
0x00007ffd17440000 - 0x00007ffd1746b000 	C:\WINDOWS\System32\GDI32.dll
0x00007ffd151d0000 - 0x00007ffd152e7000 	C:\WINDOWS\System32\gdi32full.dll
0x00007ffd15c70000 - 0x00007ffd15d0e000 	C:\WINDOWS\System32\msvcrt.dll
0x00007ffd150e0000 - 0x00007ffd1517d000 	C:\WINDOWS\System32\msvcp_win.dll
0x00007ffd16ee0000 - 0x00007ffd16f0f000 	C:\WINDOWS\System32\IMM32.DLL
0x00007ffd0e630000 - 0x00007ffd0e63c000 	C:\Users\dlatf\.jdks\openjdk-19.0.2\bin\vcruntime140_1.dll
0x00007ffce5860000 - 0x00007ffce58ee000 	C:\Users\dlatf\.jdks\openjdk-19.0.2\bin\msvcp140.dll
0x00007ffcc3730000 - 0x00007ffcc43f0000 	C:\Users\dlatf\.jdks\openjdk-19.0.2\bin\server\jvm.dll
0x00007ffd17270000 - 0x00007ffd17320000 	C:\WINDOWS\System32\ADVAPI32.dll
0x00007ffd15d90000 - 0x00007ffd15e30000 	C:\WINDOWS\System32\sechost.dll
0x00007ffd15b40000 - 0x00007ffd15c63000 	C:\WINDOWS\System32\RPCRT4.dll
0x00007ffd152f0000 - 0x00007ffd15317000 	C:\WINDOWS\System32\bcrypt.dll
0x00007ffcf2e40000 - 0x00007ffcf2e49000 	C:\WINDOWS\SYSTEM32\WSOCK32.dll
0x00007ffd0d270000 - 0x00007ffd0d27a000 	C:\WINDOWS\SYSTEM32\VERSION.dll
0x00007ffd09e00000 - 0x00007ffd09e27000 	C:\WINDOWS\SYSTEM32\WINMM.dll
0x00007ffd16be0000 - 0x00007ffd16c4b000 	C:\WINDOWS\System32\WS2_32.dll
0x00007ffd12f20000 - 0x00007ffd12f32000 	C:\WINDOWS\SYSTEM32\kernel.appcore.dll
0x00007ffd0d750000 - 0x00007ffd0d75a000 	C:\Users\dlatf\.jdks\openjdk-19.0.2\bin\jimage.dll
0x00007ffd09e30000 - 0x00007ffd0a014000 	C:\WINDOWS\SYSTEM32\DBGHELP.DLL
0x00007ffcfae40000 - 0x00007ffcfae74000 	C:\WINDOWS\SYSTEM32\dbgcore.DLL
0x00007ffd15870000 - 0x00007ffd158f2000 	C:\WINDOWS\System32\bcryptPrimitives.dll
0x00007ffd0d6e0000 - 0x00007ffd0d6ee000 	C:\Users\dlatf\.jdks\openjdk-19.0.2\bin\instrument.dll
0x00007ffd0d720000 - 0x00007ffd0d746000 	C:\Users\dlatf\.jdks\openjdk-19.0.2\bin\java.dll
0x00007ffce5650000 - 0x00007ffce5727000 	C:\Users\dlatf\.jdks\openjdk-19.0.2\bin\jsvml.dll
0x00007ffd15e30000 - 0x00007ffd1659f000 	C:\WINDOWS\System32\SHELL32.dll
0x00007ffd13120000 - 0x00007ffd138c3000 	C:\WINDOWS\SYSTEM32\windows.storage.dll
0x00007ffd16880000 - 0x00007ffd16bd3000 	C:\WINDOWS\System32\combase.dll
0x00007ffd14b10000 - 0x00007ffd14b3e000 	C:\WINDOWS\SYSTEM32\Wldp.dll
0x00007ffd16c50000 - 0x00007ffd16d1d000 	C:\WINDOWS\System32\OLEAUT32.dll
0x00007ffd17130000 - 0x00007ffd171dd000 	C:\WINDOWS\System32\SHCORE.dll
0x00007ffd170d0000 - 0x00007ffd17125000 	C:\WINDOWS\System32\shlwapi.dll
0x00007ffd15010000 - 0x00007ffd15034000 	C:\WINDOWS\SYSTEM32\profapi.dll
0x00007ffcfbbb0000 - 0x00007ffcfbbc8000 	C:\Users\dlatf\.jdks\openjdk-19.0.2\bin\zip.dll
0x00007ffd05700000 - 0x00007ffd05713000 	C:\Users\dlatf\.jdks\openjdk-19.0.2\bin\net.dll
0x00007ffd0c920000 - 0x00007ffd0ca2d000 	C:\WINDOWS\SYSTEM32\WINHTTP.dll
0x00007ffd14820000 - 0x00007ffd1488a000 	C:\WINDOWS\system32\mswsock.dll
0x00007ffcfff90000 - 0x00007ffcfffa6000 	C:\Users\dlatf\.jdks\openjdk-19.0.2\bin\nio.dll
0x00007ffcfb1f0000 - 0x00007ffcfb20a000 	D:\IntelliJ IDEA 2024.1\bin\breakgen64.dll
0x00007ffd0d6d0000 - 0x00007ffd0d6d8000 	C:\Users\dlatf\.jdks\openjdk-19.0.2\bin\extnet.dll
0x00007ffd14510000 - 0x00007ffd145da000 	C:\WINDOWS\SYSTEM32\DNSAPI.dll
0x00007ffd144d0000 - 0x00007ffd1450b000 	C:\WINDOWS\SYSTEM32\IPHLPAPI.DLL
0x00007ffd16870000 - 0x00007ffd16878000 	C:\WINDOWS\System32\NSI.dll
0x00007ffd0c4e0000 - 0x00007ffd0c4ea000 	C:\Windows\System32\rasadhlp.dll
0x00007ffd098d0000 - 0x00007ffd09950000 	C:\WINDOWS\System32\fwpuclnt.dll
0x00007ffd0b490000 - 0x00007ffd0b49a000 	C:\Users\dlatf\.jdks\openjdk-19.0.2\bin\management.dll
0x00007ffd056f0000 - 0x00007ffd056fb000 	C:\Users\dlatf\.jdks\openjdk-19.0.2\bin\management_ext.dll
0x00007ffd16800000 - 0x00007ffd16808000 	C:\WINDOWS\System32\PSAPI.DLL
0x00007ffd14a10000 - 0x00007ffd14a28000 	C:\WINDOWS\SYSTEM32\CRYPTSP.dll
0x00007ffd140e0000 - 0x00007ffd14114000 	C:\WINDOWS\system32\rsaenh.dll
0x00007ffd14fd0000 - 0x00007ffd14ffe000 	C:\WINDOWS\SYSTEM32\USERENV.dll
0x00007ffd14a00000 - 0x00007ffd14a0c000 	C:\WINDOWS\SYSTEM32\CRYPTBASE.dll
0x00007ffd0df80000 - 0x00007ffd0df97000 	C:\WINDOWS\SYSTEM32\dhcpcsvc6.DLL
0x00007ffd0df60000 - 0x00007ffd0df7d000 	C:\WINDOWS\SYSTEM32\dhcpcsvc.DLL
0x00007ffcf5430000 - 0x00007ffcf5447000 	C:\WINDOWS\system32\napinsp.dll
0x00007ffcf5290000 - 0x00007ffcf52ab000 	C:\WINDOWS\system32\pnrpnsp.dll
0x00007ffd0fa60000 - 0x00007ffd0fa75000 	C:\WINDOWS\system32\wshbth.dll
0x00007ffd10990000 - 0x00007ffd109ad000 	C:\WINDOWS\system32\NLAapi.dll
0x00007ffcf5110000 - 0x00007ffcf5122000 	C:\WINDOWS\System32\winrnr.dll

dbghelp: loaded successfully - version: 4.0.5 - missing functions: none
symbol engine: initialized successfully - sym options: 0x614 - pdb path: .;C:\Users\dlatf\.jdks\openjdk-19.0.2\bin;C:\WINDOWS\SYSTEM32;C:\WINDOWS\WinSxS\amd64_microsoft.windows.common-controls_6595b64144ccf1df_6.0.19041.4355_none_60b8b9eb71f62e16;C:\Users\dlatf\.jdks\openjdk-19.0.2\bin\server;D:\IntelliJ IDEA 2024.1\bin

VM Arguments:
jvm_args: -XX:TieredStopAtLevel=1 -Dspring.output.ansi.enabled=always -Dcom.sun.management.jmxremote -Dspring.jmx.enabled=true -Dspring.liveBeansView.mbeanDomain -Dspring.application.admin.enabled=true -Dmanagement.endpoints.jmx.exposure.include=* -javaagent:D:\IntelliJ IDEA 2024.1\lib\idea_rt.jar=51528:D:\IntelliJ IDEA 2024.1\bin -Dfile.encoding=UTF-8 -Dsun.stdout.encoding=UTF-8 -Dsun.stderr.encoding=UTF-8 
java_command: com.ufuture.library.LibraryApplication
java_class_path (initial): C:\Users\dlatf\OneDrive\Desktop\Test\library\target\classes;C:\Users\dlatf\.m2\repository\org\springframework\boot\spring-boot-starter-web\3.3.4\spring-boot-starter-web-3.3.4.jar;C:\Users\dlatf\.m2\repository\org\springframework\boot\spring-boot-starter\3.3.4\spring-boot-starter-3.3.4.jar;C:\Users\dlatf\.m2\repository\org\springframework\boot\spring-boot\3.3.4\spring-boot-3.3.4.jar;C:\Users\dlatf\.m2\repository\org\springframework\boot\spring-boot-autoconfigure\3.3.4\spring-boot-autoconfigure-3.3.4.jar;C:\Users\dlatf\.m2\repository\org\springframework\boot\spring-boot-starter-logging\3.3.4\spring-boot-starter-logging-3.3.4.jar;C:\Users\dlatf\.m2\repository\ch\qos\logback\logback-classic\1.5.8\logback-classic-1.5.8.jar;C:\Users\dlatf\.m2\repository\ch\qos\logback\logback-core\1.5.8\logback-core-1.5.8.jar;C:\Users\dlatf\.m2\repository\org\apache\logging\log4j\log4j-to-slf4j\2.23.1\log4j-to-slf4j-2.23.1.jar;C:\Users\dlatf\.m2\repository\org\apache\logging\log4j\log4j-api\2.23.1\log4j-api-2.23.1.jar;C:\Users\dlatf\.m2\repository\org\slf4j\jul-to-slf4j\2.0.16\jul-to-slf4j-2.0.16.jar;C:\Users\dlatf\.m2\repository\jakarta\annotation\jakarta.annotation-api\2.1.1\jakarta.annotation-api-2.1.1.jar;C:\Users\dlatf\.m2\repository\org\yaml\snakeyaml\2.2\snakeyaml-2.2.jar;C:\Users\dlatf\.m2\repository\org\springframework\boot\spring-boot-starter-json\3.3.4\spring-boot-starter-json-3.3.4.jar;C:\Users\dlatf\.m2\repository\com\fasterxml\jackson\core\jackson-databind\2.17.2\jackson-databind-2.17.2.jar;C:\Users\dlatf\.m2\repository\com\fasterxml\jackson\core\jackson-annotations\2.17.2\jackson-annotations-2.17.2.jar;C:\Users\dlatf\.m2\repository\com\fasterxml\jackson\core\jackson-core\2.17.2\jackson-core-2.17.2.jar;C:\Users\dlatf\.m2\repository\com\fasterxml\jackson\datatype\jackson-datatype-jdk8\2.17.2\jackson-datatype-jdk8-2.17.2.jar;C:\Users\dlatf\.m2\repository\com\fasterxml\jackson\datatype\jackson-datatype-jsr310\2.17.2\jackson-datatype-jsr310-2.17.2.jar;C:\Users\dlatf\.m2\repository\com\fasterxml\jackson\module\jackson-module-parameter-names\2.17.2\jackson-module-parameter-names-2.17.2.jar;C:\Users\dlatf\.m2\repository\org\springframework\boot\spring-boot-starter-tomcat\3.3.4\spring-boot-starter-tomcat-3.3.4.jar;C:\Users\dlatf\.m2\repository\org\apache\tomcat\embed\tomcat-embed-core\10.1.30\tomcat-embed-core-10.1.30.jar;C:\Users\dlatf\.m2\repository\org\apache\tomcat\embed\tomcat-embed-websocket\10.1.30\tomcat-embed-websocket-10.1.30.jar;C:\Users\dlatf\.m2\repository\org\springframework\spring-web\6.1.13\spring-web-6.1.13.jar;C:\Users\dlatf\.m2\repository\org\springframework\spring-beans\6.1.13\spring-beans-6.1.13.jar;C:\Users\dlatf\.m2\repository\io\micrometer\micrometer-observation\1.13.4\micrometer-observation-1.13.4.jar;C:\Users\dlatf\.m2\repository\io\micrometer\micrometer-commons\1.13.4\micrometer-commons-1.13.4.jar;C:\Users\dlatf\.m2\repository\org\springframework\spring-webmvc\6.1.13\spring-webmvc-6.1.13.jar;C:\Users\dlatf\.m2\repository\org\springframework\spring-aop\6.1.13\spring-aop-6.1.13.jar;C:\Users\dlatf\.m2\repository\org\springframework\spring-context\6.1.13\spring-context-6.1.13.jar;C:\Users\dlatf\.m2\repository\org\springframework\spring-expression\6.1.13\spring-expression-6.1.13.jar;C:\Users\dlatf\.m2\repository\org\slf4j\slf4j-api\2.0.16\slf4j-api-2.0.16.jar;C:\Users\dlatf\.m2\repository\jakarta\xml\bind\jakarta.xml.bind-api\4.0.2\jakarta.xml.bind-api-4.0.2.jar;C:\Users\dlatf\.m2\repository\jakarta\activation\jakarta.activation-api\2.1.3\jakarta.activation-api-2.1.3.jar;C:\Users\dlatf\.m2\repository\org\springframework\spring-core\6.1.13\spring-core-6.1.13.jar;C:\Users\dlatf\.m2\repository\org\springframework\spring-jcl\6.1.13\spring-jcl-6.1.13.jar;C:\Users\dlatf\.m2\repository\org\springframework\boot\spring-boot-starter-validation\3.3.4\spring-boot-starter-validation-3.3.4.jar;C:\Users\dlatf\.m2\repository\org\apache\tomcat\embed\tomcat-embed-el\10.1.30\tomcat-embed-el-10.1.30.jar;C:\Users\dlatf\.m2\repository\org\hibernate\validator\hibernate-validator\8.0.1.Final\hibernate-validator-8.0.1.Final.jar;C:\Users\dlatf\.m2\repository\jakarta\validation\jakarta.validation-api\3.0.2\jakarta.validation-api-3.0.2.jar;C:\Users\dlatf\.m2\repository\org\jboss\logging\jboss-logging\3.5.3.Final\jboss-logging-3.5.3.Final.jar;C:\Users\dlatf\.m2\repository\com\fasterxml\classmate\1.7.0\classmate-1.7.0.jar;C:\Users\dlatf\.m2\repository\org\springdoc\springdoc-openapi-starter-webmvc-ui\2.6.0\springdoc-openapi-starter-webmvc-ui-2.6.0.jar;C:\Users\dlatf\.m2\repository\org\springdoc\springdoc-openapi-starter-webmvc-api\2.6.0\springdoc-openapi-starter-webmvc-api-2.6.0.jar;C:\Users\dlatf\.m2\repository\org\springdoc\springdoc-openapi-starter-common\2.6.0\springdoc-openapi-starter-common-2.6.0.jar;C:\Users\dlatf\.m2\repository\io\swagger\core\v3\swagger-core-jakarta\2.2.22\swagger-core-jakarta-2.2.22.jar;C:\Users\dlatf\.m2\repository\org\apache\commons\commons-lang3\3.14.0\commons-lang3-3.14.0.jar;C:\Users\dlatf\.m2\repository\io\swagger\core\v3\swagger-annotations-jakarta\2.2.22\swagger-annotations-jakarta-2.2.22.jar;C:\Users\dlatf\.m2\repository\io\swagger\core\v3\swagger-models-jakarta\2.2.22\swagger-models-jakarta-2.2.22.jar;C:\Users\dlatf\.m2\repository\com\fasterxml\jackson\dataformat\jackson-dataformat-yaml\2.17.2\jackson-dataformat-yaml-2.17.2.jar;C:\Users\dlatf\.m2\repository\org\webjars\swagger-ui\5.17.14\swagger-ui-5.17.14.jar
Launcher Type: SUN_STANDARD

[Global flags]
     intx CICompilerCount                          = 12                                        {product} {ergonomic}
     uint ConcGCThreads                            = 3                                         {product} {ergonomic}
     uint G1ConcRefinementThreads                  = 13                                        {product} {ergonomic}
   size_t G1HeapRegionSize                         = 2097152                                   {product} {ergonomic}
    uintx GCDrainStackTargetSize                   = 64                                        {product} {ergonomic}
   size_t InitialHeapSize                          = 257949696                                 {product} {ergonomic}
     bool ManagementServer                         = true                                      {product} {command line}
   size_t MarkStackSize                            = 4194304                                   {product} {ergonomic}
   size_t MaxHeapSize                              = 4125097984                                {product} {ergonomic}
   size_t MaxNewSize                               = 2474639360                                {product} {ergonomic}
   size_t MinHeapDeltaBytes                        = 2097152                                   {product} {ergonomic}
   size_t MinHeapSize                              = 8388608                                   {product} {ergonomic}
    uintx NonProfiledCodeHeapSize                  = 0                                      {pd product} {ergonomic}
     bool ProfileInterpreter                       = false                                  {pd product} {command line}
    uintx ProfiledCodeHeapSize                     = 0                                      {pd product} {ergonomic}
   size_t SoftMaxHeapSize                          = 4125097984                             {manageable} {ergonomic}
     intx TieredStopAtLevel                        = 1                                         {product} {command line}
     bool UseCompressedClassPointers               = true                           {product lp64_product} {ergonomic}
     bool UseCompressedOops                        = true                           {product lp64_product} {ergonomic}
     bool UseG1GC                                  = true                                      {product} {ergonomic}
     bool UseLargePagesIndividualAllocation        = false                                  {pd product} {ergonomic}

Logging:
Log output configuration:
 #0: stdout all=warning uptime,level,tags foldmultilines=false
 #1: stderr all=off uptime,level,tags foldmultilines=false

Environment Variables:
JAVA_HOME=C:\Program Files\Java\jdk-21
PATH=C:\Program Files\Common Files\Oracle\Java\javapath;C:\Program Files (x86)\VMware\VMware Workstation\bin\;C:\WINDOWS\system32;C:\WINDOWS;C:\WINDOWS\System32\Wbem;C:\WINDOWS\System32\WindowsPowerShell\v1.0\;C:\WINDOWS\System32\OpenSSH\;C:\Program Files\PuTTY\;C:\Program Files\Git\cmd;C:\Program Files\Java\jdk-21\bin;C:\Users\dlatf\AppData\Local\Programs\Python\Python310\python.exe;D:\Spark\spark-3.5.0-bin-hadoop3;%HADOOP_HOME%\BIN\WINUTILS.EXE;C:\Program Files\poppler-24.02.0\Library\bin;C:\Program Files\Docker\Docker\resources\bin;C:\Program Files\apache-maven-3.9.7\bin;D:\BaseX\bin;C:\Users\dlatf\AppData\Local\Programs\Python\Python312\Scripts\;C:\Users\dlatf\AppData\Local\Programs\Python\Python312\;C:\Users\dlatf\AppData\Local\Programs\Python\Launcher\;C:\Users\dlatf\AppData\Roaming\Microsoft\Windows\Start Menu\Programs\Python 3.10;D:\Microsoft VS Code\bin;D:\Spark\spark-3.5.0-bin-hadoop3\bin;C:\Program Files\Java\jdk-21\bin;%HADOOP_HOME%\BIN\WINUTILS.EXE;C:\Program Files\poppler-24.02.0\Library\bin;C:\Users\dlatf\AppData\Local\Microsoft\WindowsApps;D:\Docker Toolbox;;D:\IntelliJ IDEA 2024.1\bin;
USERNAME=Damirok
OS=Windows_NT
PROCESSOR_IDENTIFIER=AMD64 Family 23 Model 96 Stepping 1, AuthenticAMD
TMP=C:\Users\dlatf\AppData\Local\Temp
TEMP=C:\Users\dlatf\AppData\Local\Temp



---------------  S Y S T E M  ---------------

OS:
 Windows 10 , 64 bit Build 19041 (10.0.19041.4842)
OS uptime: 0 days 1:31 hours
Hyper-V role detected

CPU: total 16 (initial active 16) (16 cores per cpu, 2 threads per core) family 23 model 96 stepping 1 microcode 0x0, cx8, cmov, fxsr, ht, mmx, 3dnowpref, sse, sse2, sse3, ssse3, sse4a, sse4.1, sse4.2, popcnt, lzcnt, tsc, tscinvbit, avx, avx2, aes, clmul, bmi1, bmi2, adx, sha, fma, vzeroupper, clflush, clflushopt, hv, rdtscp, rdpid

Memory: 4k page, system-wide physical 15732M (3598M free)
TotalPageFile size 17780M (AvailPageFile size 2M)
current process WorkingSet (physical memory assigned to process): 108M, peak: 108M
current process commit charge ("private bytes"): 373M, peak: 373M

vm_info: OpenJDK 64-Bit Server VM (19.0.2+7-44) for windows-amd64 JRE (19.0.2+7-44), built on 2022-11-30T18:02:09Z by "mach5one" with MS VC++ 17.1 (VS2022)

END.
